INFO  2017-05-01 19:07:29,004 (Saros.java:220) Starting Saros 14.10.31 running:
  Java Version: 1.8.0_112
  Java Vendor: Oracle Corporation
  Eclipse Runtime Version: 3.12.0.v20160606-1342
  Operating System: Mac OS X (10.12.4)
  Hardware Architecture: x86_64
INFO  2017-05-01 19:07:29,077 (SarosContext.java:153) creating Saros runtime context...
DEBUG 2017-05-01 19:07:29,154 (XMPPAccountStore.java:117) loading accounts from file: /Users/Kurtis/.saros/config.dat
DEBUG 2017-05-01 19:07:29,442 (XMPPAccountStore.java:176) loaded 1 account(s)
INFO  2017-05-01 19:07:29,728 (SarosContext.java:199) successfully created Saros runtime context
DEBUG 2017-05-01 19:07:29,766 (DataTransferManager.java:467) used transport order for the current XMPP connection: [XMPP-Socks5-Transport, XMPP-IBB-Transport]
INFO  2017-05-01 19:07:29,809 (PreferenceInitializer.java:50) initializing preference default values
DEBUG 2017-05-01 19:07:29,890 (SarosAnnotation.java:117) resetting annotation colors
DEBUG 2017-05-01 19:07:29,909 (Saros.java:430) skipping conversion of old XMPP accounts, because there are already new ones
DEBUG 2017-05-01 19:07:40,610 (WhiteboardManager.java:194) WhiteboardManager instantiated
DEBUG 2017-05-01 19:07:40,660 (DocumentRecord.java:93) Added Node: attr(149368366065026391) name=svg
DEBUG 2017-05-01 19:07:40,924 (XMPPConnectionService.java:439) started Socks5 proxy on port: 7777 [listening on all interfaces]
DEBUG 2017-05-01 19:07:40,927 (XMPPConnectionService.java:459) using autodetected addresses: [192.168.0.10, fdea:e86a:2f6e:c33d:a87a:465c:9741:3fb0, fe80:0:0:0:a87a:465c:9741:3fb0%utun1, fe80:0:0:0:bcc6:49a:42bd:1e03%utun0, fe80:0:0:0:58fa:d9ff:fe64:237c%awdl0, 2001:48f8:2c:1372:0:0:0:2, 2001:48f8:2c:1372:a5ad:1845:7c0f:d90f, 2001:48f8:2c:1372:8b1:cf3d:ea40:598a, fe80:0:0:0:1488:23b2:123c:ec62%en0]
DEBUG 2017-05-01 19:07:40,936 (XMPPConnectionService.java:398)  new connection state == CONNECTING
DEBUG 2017-05-01 19:07:43,416 (XMPPConnectionService.java:398) kurtisblaine@saros-con.imp.fu-berlin.de/Saros new connection state == CONNECTED
DEBUG 2017-05-01 19:07:43,416 (DataTransferManager.java:467) used transport order for the current XMPP connection: [XMPP-Socks5-Transport, XMPP-IBB-Transport]
DEBUG 2017-05-01 19:07:43,419 (SkypeManager.java:289) Refreshing Skype username cache...
WARN  2017-05-01 19:07:50,988 (StunServiceImpl.java:420) received no response from STUN server stunserver.org/69.172.201.153:3478 at local address /192.168.0.10:0
ERROR 2017-05-01 20:42:18,166 (XMPPConnectionService.java:101) XMPP connection error: 
java.net.SocketException: Connection reset
	at java.net.SocketInputStream.read(SocketInputStream.java:209)
	at java.net.SocketInputStream.read(SocketInputStream.java:141)
	at sun.security.ssl.InputRecord.readFully(InputRecord.java:465)
	at sun.security.ssl.InputRecord.read(InputRecord.java:503)
	at sun.security.ssl.SSLSocketImpl.readRecord(SSLSocketImpl.java:973)
	at sun.security.ssl.SSLSocketImpl.readDataRecord(SSLSocketImpl.java:930)
	at sun.security.ssl.AppInputStream.read(AppInputStream.java:105)
	at sun.nio.cs.StreamDecoder.readBytes(StreamDecoder.java:284)
	at sun.nio.cs.StreamDecoder.implRead(StreamDecoder.java:326)
	at sun.nio.cs.StreamDecoder.read(StreamDecoder.java:178)
	at java.io.InputStreamReader.read(InputStreamReader.java:184)
	at java.io.BufferedReader.fill(BufferedReader.java:161)
	at java.io.BufferedReader.read1(BufferedReader.java:212)
	at java.io.BufferedReader.read(BufferedReader.java:286)
	at org.xmlpull.mxp1.MXParser.fillBuf(MXParser.java:2992)
	at org.xmlpull.mxp1.MXParser.more(MXParser.java:3046)
	at org.xmlpull.mxp1.MXParser.nextImpl(MXParser.java:1144)
	at org.xmlpull.mxp1.MXParser.next(MXParser.java:1093)
	at org.jivesoftware.smack.PacketReader.parsePackets(PacketReader.java:312)
	at org.jivesoftware.smack.PacketReader.access$000(PacketReader.java:48)
	at org.jivesoftware.smack.PacketReader$1.run(PacketReader.java:76)
ERROR 2017-05-01 20:42:18,188 (XMPPConnectionService.java:400)  new connection state == ERROR
java.net.SocketException: Connection reset
	at java.net.SocketInputStream.read(SocketInputStream.java:209)
	at java.net.SocketInputStream.read(SocketInputStream.java:141)
	at sun.security.ssl.InputRecord.readFully(InputRecord.java:465)
	at sun.security.ssl.InputRecord.read(InputRecord.java:503)
	at sun.security.ssl.SSLSocketImpl.readRecord(SSLSocketImpl.java:973)
	at sun.security.ssl.SSLSocketImpl.readDataRecord(SSLSocketImpl.java:930)
	at sun.security.ssl.AppInputStream.read(AppInputStream.java:105)
	at sun.nio.cs.StreamDecoder.readBytes(StreamDecoder.java:284)
	at sun.nio.cs.StreamDecoder.implRead(StreamDecoder.java:326)
	at sun.nio.cs.StreamDecoder.read(StreamDecoder.java:178)
	at java.io.InputStreamReader.read(InputStreamReader.java:184)
	at java.io.BufferedReader.fill(BufferedReader.java:161)
	at java.io.BufferedReader.read1(BufferedReader.java:212)
	at java.io.BufferedReader.read(BufferedReader.java:286)
	at org.xmlpull.mxp1.MXParser.fillBuf(MXParser.java:2992)
	at org.xmlpull.mxp1.MXParser.more(MXParser.java:3046)
	at org.xmlpull.mxp1.MXParser.nextImpl(MXParser.java:1144)
	at org.xmlpull.mxp1.MXParser.next(MXParser.java:1093)
	at org.jivesoftware.smack.PacketReader.parsePackets(PacketReader.java:312)
	at org.jivesoftware.smack.PacketReader.access$000(PacketReader.java:48)
	at org.jivesoftware.smack.PacketReader$1.run(PacketReader.java:76)
DEBUG 2017-05-01 20:42:18,202 (XMPPConnectionService.java:398)  new connection state == NOT_CONNECTED
DEBUG 2017-05-02 16:36:54,320 (UPnPServiceImpl.java:295) deleting existing port mappings
