INFO  2017-04-27 10:29:10,507 (Saros.java:220) Starting Saros 14.10.31 running:
  Java Version: 1.8.0_112
  Java Vendor: Oracle Corporation
  Eclipse Runtime Version: 3.12.0.v20160606-1342
  Operating System: Mac OS X (10.12.4)
  Hardware Architecture: x86_64
INFO  2017-04-27 10:29:10,541 (SarosContext.java:153) creating Saros runtime context...
DEBUG 2017-04-27 10:29:10,575 (XMPPAccountStore.java:117) loading accounts from file: /Users/Kurtis/.saros/config.dat
DEBUG 2017-04-27 10:29:10,731 (XMPPAccountStore.java:176) loaded 1 account(s)
INFO  2017-04-27 10:29:10,910 (SarosContext.java:199) successfully created Saros runtime context
DEBUG 2017-04-27 10:29:10,935 (DataTransferManager.java:467) used transport order for the current XMPP connection: [XMPP-Socks5-Transport, XMPP-IBB-Transport]
INFO  2017-04-27 10:29:10,959 (PreferenceInitializer.java:50) initializing preference default values
DEBUG 2017-04-27 10:29:11,007 (SarosAnnotation.java:117) resetting annotation colors
DEBUG 2017-04-27 10:29:11,015 (Saros.java:430) skipping conversion of old XMPP accounts, because there are already new ones
DEBUG 2017-04-27 10:29:14,502 (SharedDocumentProvider.java:77) SharedDocumentProvider created by Eclipse
DEBUG 2017-04-27 10:29:27,535 (WhiteboardManager.java:194) WhiteboardManager instantiated
DEBUG 2017-04-27 10:29:27,880 (XMPPConnectionService.java:439) started Socks5 proxy on port: 7777 [listening on all interfaces]
DEBUG 2017-04-27 10:29:28,005 (XMPPConnectionService.java:459) using autodetected addresses: [192.168.0.13, fdea:e86a:2f6e:c33d:a87a:465c:9741:3fb0, fe80:0:0:0:a87a:465c:9741:3fb0%utun1, fe80:0:0:0:bcc6:49a:42bd:1e03%utun0, fe80:0:0:0:58fa:d9ff:fe64:237c%awdl0, fe80:0:0:0:1488:23b2:123c:ec62%en0]
DEBUG 2017-04-27 10:29:28,021 (XMPPConnectionService.java:398)  new connection state == CONNECTING
DEBUG 2017-04-27 10:29:28,029 (DocumentRecord.java:93) Added Node: attr(149330696802114452) name=svg
DEBUG 2017-04-27 10:29:30,450 (XMPPConnectionService.java:398) kurtisblaine@saros-con.imp.fu-berlin.de/Saros new connection state == CONNECTED
DEBUG 2017-04-27 10:29:30,450 (DataTransferManager.java:467) used transport order for the current XMPP connection: [XMPP-Socks5-Transport, XMPP-IBB-Transport]
DEBUG 2017-04-27 10:29:30,452 (SkypeManager.java:289) Refreshing Skype username cache...
WARN  2017-04-27 10:29:38,034 (StunServiceImpl.java:420) received no response from STUN server stunserver.org/69.172.201.153:3478 at local address /192.168.0.13:0
DEBUG 2017-04-27 12:10:07,809 (XMPPConnectionService.java:398) kurtisblaine@saros-con.imp.fu-berlin.de/Saros new connection state == DISCONNECTING
DEBUG 2017-04-27 12:10:07,966 (XMPPConnectionService.java:398)  new connection state == NOT_CONNECTED
DEBUG 2017-04-27 12:10:07,967 (UPnPServiceImpl.java:295) deleting existing port mappings
