INFO  2017-05-03 17:11:03,498 (Saros.java:220) Starting Saros 14.10.31 running:
  Java Version: 1.8.0_112
  Java Vendor: Oracle Corporation
  Eclipse Runtime Version: 3.12.0.v20160606-1342
  Operating System: Mac OS X (10.12.4)
  Hardware Architecture: x86_64
INFO  2017-05-03 17:11:03,551 (SarosContext.java:153) creating Saros runtime context...
DEBUG 2017-05-03 17:11:03,605 (XMPPAccountStore.java:117) loading accounts from file: /Users/Kurtis/.saros/config.dat
DEBUG 2017-05-03 17:11:03,844 (XMPPAccountStore.java:176) loaded 1 account(s)
INFO  2017-05-03 17:11:04,122 (SarosContext.java:199) successfully created Saros runtime context
DEBUG 2017-05-03 17:11:04,157 (DataTransferManager.java:467) used transport order for the current XMPP connection: [XMPP-Socks5-Transport, XMPP-IBB-Transport]
INFO  2017-05-03 17:11:04,187 (PreferenceInitializer.java:50) initializing preference default values
DEBUG 2017-05-03 17:11:04,252 (SarosAnnotation.java:117) resetting annotation colors
DEBUG 2017-05-03 17:11:04,265 (Saros.java:430) skipping conversion of old XMPP accounts, because there are already new ones
DEBUG 2017-05-03 17:11:12,754 (WhiteboardManager.java:194) WhiteboardManager instantiated
DEBUG 2017-05-03 17:11:12,830 (DocumentRecord.java:93) Added Node: attr(14938494728153964) name=svg
DEBUG 2017-05-03 17:11:13,068 (XMPPConnectionService.java:439) started Socks5 proxy on port: 7777 [listening on all interfaces]
DEBUG 2017-05-03 17:11:13,071 (XMPPConnectionService.java:459) using autodetected addresses: [192.168.1.13, fdea:e86a:2f6e:c33d:a87a:465c:9741:3fb0, fe80:0:0:0:a87a:465c:9741:3fb0%utun1, fe80:0:0:0:bcc6:49a:42bd:1e03%utun0, fe80:0:0:0:58fa:d9ff:fe64:237c%awdl0, fe80:0:0:0:1488:23b2:123c:ec62%en0]
DEBUG 2017-05-03 17:11:13,125 (XMPPConnectionService.java:398)  new connection state == CONNECTING
DEBUG 2017-05-03 17:11:15,513 (XMPPConnectionService.java:398) kurtisblaine@saros-con.imp.fu-berlin.de/Saros new connection state == CONNECTED
DEBUG 2017-05-03 17:11:15,513 (DataTransferManager.java:467) used transport order for the current XMPP connection: [XMPP-Socks5-Transport, XMPP-IBB-Transport]
DEBUG 2017-05-03 17:11:15,520 (SkypeManager.java:289) Refreshing Skype username cache...
WARN  2017-05-03 17:11:23,119 (StunServiceImpl.java:420) received no response from STUN server stunserver.org/69.172.201.153:3478 at local address /192.168.1.13:0
DEBUG 2017-05-03 17:12:42,328 (XMPPConnectionService.java:398) kurtisblaine@saros-con.imp.fu-berlin.de/Saros new connection state == DISCONNECTING
DEBUG 2017-05-03 17:12:42,485 (XMPPConnectionService.java:398)  new connection state == NOT_CONNECTED
DEBUG 2017-05-03 17:12:42,486 (UPnPServiceImpl.java:295) deleting existing port mappings
