INFO  2018-03-06 22:16:38,390 (Saros.java:220) Starting Saros 14.10.31 running:
  Java Version: 1.8.0_112
  Java Vendor: Oracle Corporation
  Eclipse Runtime Version: 3.12.0.v20160606-1342
  Operating System: Mac OS X (10.13.3)
  Hardware Architecture: x86_64
INFO  2018-03-06 22:16:38,423 (SarosContext.java:153) creating Saros runtime context...
DEBUG 2018-03-06 22:16:38,467 (XMPPAccountStore.java:117) loading accounts from file: /Users/Kurtis/.saros/config.dat
DEBUG 2018-03-06 22:16:38,660 (XMPPAccountStore.java:176) loaded 1 account(s)
INFO  2018-03-06 22:16:38,857 (SarosContext.java:199) successfully created Saros runtime context
DEBUG 2018-03-06 22:16:38,887 (DataTransferManager.java:467) used transport order for the current XMPP connection: [XMPP-Socks5-Transport, XMPP-IBB-Transport]
INFO  2018-03-06 22:16:38,915 (PreferenceInitializer.java:50) initializing preference default values
DEBUG 2018-03-06 22:16:38,961 (SarosAnnotation.java:117) resetting annotation colors
DEBUG 2018-03-06 22:16:38,969 (Saros.java:430) skipping conversion of old XMPP accounts, because there are already new ones
DEBUG 2018-03-06 22:16:42,408 (SharedDocumentProvider.java:77) SharedDocumentProvider created by Eclipse
DEBUG 2018-03-06 22:16:48,578 (WhiteboardManager.java:194) WhiteboardManager instantiated
DEBUG 2018-03-06 22:16:48,621 (DocumentRecord.java:93) Added Node: attr(152039620861240895) name=svg
DEBUG 2018-03-06 22:16:48,688 (XMPPConnectionService.java:439) started Socks5 proxy on port: 7777 [listening on all interfaces]
DEBUG 2018-03-06 22:16:48,693 (XMPPConnectionService.java:459) using autodetected addresses: [192.168.0.12, fe80:0:0:0:d19c:13fc:743d:7fd9%utun2, fe80:0:0:0:8bc2:2002:d5c4:8464%utun1, fdea:e86a:2f6e:c33d:518a:2bdf:c2fb:ba8b, fe80:0:0:0:518a:2bdf:c2fb:ba8b%utun0, fe80:0:0:0:385f:b5ff:fe41:c381%awdl0, 2001:48f8:26:18ee:0:0:0:2, 2001:48f8:26:18ee:f54c:764e:1fcd:7180, 2001:48f8:26:18ee:4e8:4b26:75b9:910a, fe80:0:0:0:446:9110:367a:f47e%en0]
DEBUG 2018-03-06 22:16:48,703 (XMPPConnectionService.java:398)  new connection state == CONNECTING
DEBUG 2018-03-06 22:16:52,379 (XMPPConnectionService.java:398) kurtisblaine@saros-con.imp.fu-berlin.de/Saros new connection state == CONNECTED
DEBUG 2018-03-06 22:16:52,380 (DataTransferManager.java:467) used transport order for the current XMPP connection: [XMPP-Socks5-Transport, XMPP-IBB-Transport]
DEBUG 2018-03-06 22:16:52,382 (SkypeManager.java:289) Refreshing Skype username cache...
WARN  2018-03-06 22:16:58,711 (StunServiceImpl.java:420) received no response from STUN server stunserver.org/67.227.226.240:3478 at local address /192.168.0.12:0
DEBUG 2018-03-06 22:22:49,770 (XMPPConnectionService.java:398) kurtisblaine@saros-con.imp.fu-berlin.de/Saros new connection state == DISCONNECTING
DEBUG 2018-03-06 22:22:49,929 (XMPPConnectionService.java:398)  new connection state == NOT_CONNECTED
DEBUG 2018-03-06 22:22:49,930 (UPnPServiceImpl.java:295) deleting existing port mappings
