INFO  2017-04-04 13:30:58,845 (Saros.java:220) Starting Saros 14.10.31 running:
  Java Version: 1.8.0_112
  Java Vendor: Oracle Corporation
  Eclipse Runtime Version: 3.12.0.v20160606-1342
  Operating System: Mac OS X (10.12.3)
  Hardware Architecture: x86_64
INFO  2017-04-04 13:30:58,872 (SarosContext.java:153) creating Saros runtime context...
INFO  2017-04-04 13:30:59,087 (SarosContext.java:199) successfully created Saros runtime context
DEBUG 2017-04-04 13:30:59,110 (DataTransferManager.java:467) used transport order for the current XMPP connection: [XMPP-Socks5-Transport, XMPP-IBB-Transport]
INFO  2017-04-04 13:30:59,138 (PreferenceInitializer.java:50) initializing preference default values
DEBUG 2017-04-04 13:30:59,181 (SarosAnnotation.java:117) resetting annotation colors
DEBUG 2017-04-04 13:30:59,188 (Saros.java:264) autogenerated favorite color id is: 1
INFO  2017-04-04 13:30:59,201 (XMPPAccountStore.java:106) loaded 0 accounts
DEBUG 2017-04-04 13:31:02,985 (SharedDocumentProvider.java:77) SharedDocumentProvider created by Eclipse
DEBUG 2017-04-04 13:31:06,089 (WhiteboardManager.java:194) WhiteboardManager instantiated
DEBUG 2017-04-04 13:31:06,144 (DocumentRecord.java:93) Added Node: attr(149133066614284223) name=svg
DEBUG 2017-04-04 13:34:13,279 (CreateXMPPAccountWizard.java:135) Account creation succeeded: username=kurtisblaine, server=saros-con.imp.fu-berlin.de
DEBUG 2017-04-04 13:34:13,341 (XMPPAccountStore.java:232) saved 1 account(s)
DEBUG 2017-04-04 13:34:13,343 (XMPPAccountStore.java:232) saved 1 account(s)
DEBUG 2017-04-04 13:34:13,849 (XMPPConnectionService.java:439) started Socks5 proxy on port: 7777 [listening on all interfaces]
DEBUG 2017-04-04 13:34:13,851 (XMPPConnectionService.java:459) using autodetected addresses: [172.22.100.113, fe80:0:0:0:c9d5:2d77:c9db:5d8f%utun1, fdea:e86a:2f6e:c33d:48c3:b8cf:f9db:419b, fe80:0:0:0:48c3:b8cf:f9db:419b%utun0, fe80:0:0:0:64e5:97ff:fe7e:79e0%awdl0, fe80:0:0:0:144e:c2d1:1401:b49d%en0]
DEBUG 2017-04-04 13:34:13,853 (XMPPConnectionService.java:398)  new connection state == CONNECTING
DEBUG 2017-04-04 13:34:15,765 (XMPPConnectionService.java:398) kurtisblaine@saros-con.imp.fu-berlin.de/Saros new connection state == CONNECTED
DEBUG 2017-04-04 13:34:15,766 (DataTransferManager.java:467) used transport order for the current XMPP connection: [XMPP-Socks5-Transport, XMPP-IBB-Transport]
DEBUG 2017-04-04 13:34:15,773 (SkypeManager.java:289) Refreshing Skype username cache...
INFO  2017-04-04 13:34:15,913 (SingleUserChatService.java:84) chat created between kurtisblaine@saros-con.imp.fu-berlin.de/Saros <->saros-con.imp.fu-berlin.de, created local: false
WARN  2017-04-04 13:34:27,002 (StunServiceImpl.java:420) received no response from STUN server stunserver.org/69.172.201.153:3478 at local address /172.22.100.113:0
DEBUG 2017-04-04 13:34:52,910 (UPnPServiceImpl.java:225) performing gateways discovery
INFO  2017-04-04 13:35:01,957 (UPnPServiceImpl.java:237) discovered 0 gateway(s)
DEBUG 2017-04-04 13:38:13,268 (XMPPAccountStore.java:232) saved 2 account(s)
DEBUG 2017-04-04 13:38:47,004 (BaseResourceSelectionComposite.java:174) I got the names from the list: 0
DEBUG 2017-04-04 13:38:47,397 (BaseResourceSelectionComposite.java:150) Remembered checked/grayed items: 53/0 Saved 1 snapshots
DEBUG 2017-04-04 13:39:10,931 (BaseResourceSelectionComposite.java:272) Storing checked elements (not grayed): /CoffeeGame**#**/CoffeeGame/.settings**#**/CoffeeGame/.settings/org.eclipse.jdt.core.prefs**#**/CoffeeGame/bin**#**/CoffeeGame/bin/ch**#**/CoffeeGame/bin/ch/makery**#**/CoffeeGame/bin/ch/makery/coffee**#**/CoffeeGame/bin/ch/makery/coffee/view**#**/CoffeeGame/bin/ch/makery/coffee/view/HighScores.fxml**#**/CoffeeGame/bin/ch/makery/coffee/view/HighScoresController.class**#**/CoffeeGame/bin/ch/makery/coffee/view/MainMenu.fxml**#**/CoffeeGame/bin/ch/makery/coffee/view/MainMenuController.class**#**/CoffeeGame/bin/ch/makery/coffee/view/NewGame.fxml**#**/CoffeeGame/bin/ch/makery/coffee/view/NewGameController.class**#**/CoffeeGame/bin/ch/makery/coffee/view/RootLayout.fxml**#**/CoffeeGame/bin/ch/makery/coffee/view/RootLayoutController.class**#**/CoffeeGame/bin/ch/makery/coffee/view/style.css**#**/CoffeeGame/bin/ch/makery/coffee/.DS_Store**#**/CoffeeGame/bin/ch/makery/coffee/Main.class**#**/CoffeeGame/bin/ch/makery/.DS_Store**#**/CoffeeGame/bin/ch/.DS_Store**#**/CoffeeGame/bin/.DS_Store**#**/CoffeeGame/resources**#**/CoffeeGame/resources/images**#**/CoffeeGame/resources/images/beans.jpeg**#**/CoffeeGame/resources/images/CoffeeEmpty.png**#**/CoffeeGame/resources/images/CoffeeFull.png**#**/CoffeeGame/resources/images/CoffeeShop.jpg**#**/CoffeeGame/resources/images/Starbucks_Book.png**#**/CoffeeGame/resources/images/Trash.png**#**/CoffeeGame/src**#**/CoffeeGame/src/ch**#**/CoffeeGame/src/ch/makery**#**/CoffeeGame/src/ch/makery/coffee**#**/CoffeeGame/src/ch/makery/coffee/view**#**/CoffeeGame/src/ch/makery/coffee/view/HighScores.fxml**#**/CoffeeGame/src/ch/makery/coffee/view/HighScoresController.java**#**/CoffeeGame/src/ch/makery/coffee/view/MainMenu.fxml**#**/CoffeeGame/src/ch/makery/coffee/view/MainMenuController.java**#**/CoffeeGame/src/ch/makery/coffee/view/NewGame.fxml**#**/CoffeeGame/src/ch/makery/coffee/view/NewGameController.java**#**/CoffeeGame/src/ch/makery/coffee/view/RootLayout.fxml**#**/CoffeeGame/src/ch/makery/coffee/view/RootLayoutController.java**#**/CoffeeGame/src/ch/makery/coffee/view/style.css**#**/CoffeeGame/src/ch/makery/coffee/.DS_Store**#**/CoffeeGame/src/ch/makery/coffee/Main.java**#**/CoffeeGame/src/ch/makery/.DS_Store**#**/CoffeeGame/src/ch/.DS_Store**#**/CoffeeGame/src/.DS_Store**#**/CoffeeGame/.classpath**#**/CoffeeGame/.DS_Store**#**/CoffeeGame/.project**#**/CoffeeGame/build.fxbuild**#**
DEBUG 2017-04-04 13:39:10,932 (BaseResourceSelectionComposite.java:184) Remembering new selection name: -Last selection-
DEBUG 2017-04-04 13:39:10,932 (BaseResourceSelectionComposite.java:174) I got the names from the list: 0
DEBUG 2017-04-04 13:39:10,933 (BaseResourceSelectionComposite.java:200) Storing namesString: -Last selection-**#**
INFO  2017-04-04 13:39:11,022 (StatisticManager.java:184) Current feedback settings:
  Feedback disabled: false
  Feedback interval: 5
  Statistic submission allowed: false
  Pseudonym submission allowed: false
INFO  2017-04-04 13:39:11,041 (ErrorLogManager.java:257) Current error log settings:
  Error log submission allowed: false
  Full Error log submission allowed: false
INFO  2017-04-04 13:39:11,374 (StatisticManager.java:163) Session count: 1
INFO  2017-04-04 13:39:11,375 (ParticipantCollector.java:134) Session started: Current number of participants: 1
DEBUG 2017-04-04 13:39:11,377 (ActivityHandler.java:89) activity dispatcher started
DEBUG 2017-04-04 13:39:11,379 (XStreamExtensionProvider.java:149) Registering new converter of class de.fu_berlin.inf.dpp.misc.xstream.SPathConverter
DEBUG 2017-04-04 13:39:11,379 (XStreamExtensionProvider.java:194) Registering new converter of class de.fu_berlin.inf.dpp.misc.xstream.UserConverter
DEBUG 2017-04-04 13:39:11,547 (WhiteboardManager.java:104) Skip Whiteboard preparation because session host has no Whiteboard
DEBUG 2017-04-04 13:39:11,548 (ConsistencyAction.java:173) Inconsistency indicator goes: off
DEBUG 2017-04-04 13:39:11,550 (SarosProjectMapper.java:179) added project de.fu_berlin.inf.dpp.filesystem.EclipseProjectImpl@262b8731 - P/CoffeeGame with ID 1179473363 [completely shared:true]
DEBUG 2017-04-04 13:39:11,597 (EditorAPI.java:259) editor part needs to be restored: MainMenuController.java
DEBUG 2017-04-04 13:39:11,676 (MultiUserChatService.java:100) Joining MUC...
DEBUG 2017-04-04 13:39:11,689 (MultiUserChat.java:264) Trying to create room on server conference.saros-con.imp.fu-berlin.de
DEBUG 2017-04-04 13:39:11,748 (EditorAPI.java:259) editor part needs to be restored: Main.java
DEBUG 2017-04-04 13:39:11,834 (MultiUserChat.java:310) Configuring room
DEBUG 2017-04-04 13:39:11,844 (EditorManager.java:392) NewGameController.java
DEBUG 2017-04-04 13:39:11,846 (EditorManager.java:392) Welcome to Saros
DEBUG 2017-04-04 13:39:11,846 (EditorManager.java:392) MainMenuController.java
DEBUG 2017-04-04 13:39:11,846 (EditorManager.java:392) Main.java
WARN  2017-04-04 13:39:11,849 (EditorAPI.java:298) could not get resource reference from editor part: org.eclipse.ui.internal.browser.WebBrowserEditor@ef21eba
WARN  2017-04-04 13:39:11,852 (EditorAPI.java:298) could not get resource reference from editor part: org.eclipse.ui.internal.browser.WebBrowserEditor@ef21eba
DEBUG 2017-04-04 13:39:11,853 (SharedProjectDecorator.java:99) updating project decoration for all shared projects
INFO  2017-04-04 13:39:11,855 (SarosSessionManager.java:262) session started
DEBUG 2017-04-04 13:39:12,124 (MultiUserChat.java:297) MUC created and joined. Server: conference.saros-con.imp.fu-berlin.de Room: SAROS_1777615000 Password -667068110
DEBUG 2017-04-04 13:39:12,217 (EditorListener.java:236) Viewport changed: 62+0
DEBUG 2017-04-04 13:39:12,337 (EditorListener.java:236) Viewport changed: 60+0
DEBUG 2017-04-04 13:39:12,771 (MultiUserChatStateManager.java:101) Incoming Message from saros_1777615000@conference.saros-con.imp.fu-berlin.de/kurtisblaine@saros-con.imp.fu-berlin.de/Saros with state: active
DEBUG 2017-04-04 13:39:12,771 (MultiUserChat.java:79) stateChanged fired with state: active
DEBUG 2017-04-04 13:39:12,773 (MultiUserChat.java:133) processPacket called
WARN  2017-04-04 13:43:02,268 (EditorAPI.java:298) could not get resource reference from editor part: org.eclipse.ui.internal.browser.WebBrowserEditor@ef21eba
DEBUG 2017-04-04 13:47:05,369 (XMPPAccountStore.java:232) saved 2 account(s)
DEBUG 2017-04-04 13:47:05,370 (XMPPConnectionService.java:398) kurtisblaine@saros-con.imp.fu-berlin.de/Saros new connection state == DISCONNECTING
DEBUG 2017-04-04 13:47:05,371 (SarosSessionManager.java:330) terminating all running negotiation processes
DEBUG 2017-04-04 13:47:05,372 (SarosSessionManager.java:337) Leave message sent.
DEBUG 2017-04-04 13:47:05,374 (ActivityHandler.java:109) activity dispatcher stopped
INFO  2017-04-04 13:47:05,375 (FeedbackManager.java:104) Session lasted 7 min 53 s
DEBUG 2017-04-04 13:47:05,376 (FollowModeCollector.java:177) Processing follow mode changes took 0.0 s
INFO  2017-04-04 13:47:05,378 (ParticipantCollector.java:145) Session ended: Current number of participants: 1
DEBUG 2017-04-04 13:47:05,386 (StatisticManager.java:329) Session statistic:
  auto.followmode.enabled=false
  feedback.disabled=false
  feedback.survey.interval=5
  followmode.time.percent=0
  followmode.time.total=0.0
  followmode.toggles=0
  gesture.count=0
  java.version=1.8.0_112
  jumped.count=0
  jumped.driver.count=0
  jumped.observer.count=0
  observer.selection.count.witnessed=0
  observer.selection.count=0
  os.name=Mac OS X
  platform.version=3.12.0.v20160606-1342
  random.user.id=2017-04-04_13-47-05_1234274623
  role.1.duration=7.9
  role.1=write_access
  role.changes=0
  role.driver.duration=7.9
  role.driver.percent=100
  role.observer.duration=0.0
  role.observer.percent=0
  saros.version=14.10.31
  session.count=1
  session.id=1777615000
  session.local.start=2017-04-04T18:47:05Z
  session.shared.project.complete.count=1
  session.shared.project.partial.count=0
  session.shared.project.partial.files.count=0
  session.time.users.1.percent=100
  session.time.users.1=7.9
  session.time=7.9
  session.users.total=1
  textedits.chars=0
  textedits.count=0
  textedits.nonparallel.chars=0
  textedits.nonparallel.percent=0
  textedits.pastes.chars=0
  textedits.pastes=0
  user.is.host=true
INFO  2017-04-04 13:47:05,387 (StatisticManager.java:243) User does not allow to submit session statistics
DEBUG 2017-04-04 13:47:05,577 (EditorManager.java:1697) unlocking all editors
DEBUG 2017-04-04 13:47:05,578 (XStreamExtensionProvider.java:169) Unregistering (resetting) converter of class de.fu_berlin.inf.dpp.misc.xstream.SPathConverter
DEBUG 2017-04-04 13:47:05,579 (XStreamExtensionProvider.java:216) Unregistering (resetting) converter of class de.fu_berlin.inf.dpp.misc.xstream.UserConverter
DEBUG 2017-04-04 13:47:05,590 (SharedProjectDecorator.java:93) clearing project decoration for all shared projects
DEBUG 2017-04-04 13:47:05,591 (DocumentRecord.java:93) Added Node: attr(149133162559117108) name=svg
DEBUG 2017-04-04 13:47:05,679 (MultiUserChatService.java:135) leaving multi user chat de.fu_berlin.inf.dpp.communication.chat.muc.MultiUserChat@3ba72f2e
INFO  2017-04-04 13:47:05,826 (SarosSessionManager.java:351) session stopped
DEBUG 2017-04-04 13:47:05,983 (XMPPConnectionService.java:398)  new connection state == NOT_CONNECTED
DEBUG 2017-04-04 13:47:06,336 (XMPPConnectionService.java:439) started Socks5 proxy on port: 7777 [listening on all interfaces]
DEBUG 2017-04-04 13:47:06,338 (XMPPConnectionService.java:459) using autodetected addresses: [172.22.100.113, fe80:0:0:0:c9d5:2d77:c9db:5d8f%utun1, fdea:e86a:2f6e:c33d:48c3:b8cf:f9db:419b, fe80:0:0:0:48c3:b8cf:f9db:419b%utun0, fe80:0:0:0:64e5:97ff:fe7e:79e0%awdl0, fe80:0:0:0:144e:c2d1:1401:b49d%en0]
DEBUG 2017-04-04 13:47:06,338 (XMPPConnectionService.java:398)  new connection state == CONNECTING
ERROR 2017-04-04 13:47:07,668 (XMPPConnectionService.java:400)  new connection state == ERROR
SASL authentication DIGEST-MD5 failed: not-authorized: 
	at org.jivesoftware.smack.SASLAuthentication.authenticate(SASLAuthentication.java:342)
	at org.jivesoftware.smack.XMPPConnection.login(XMPPConnection.java:243)
	at de.fu_berlin.inf.dpp.net.xmpp.XMPPConnectionService.connect(XMPPConnectionService.java:276)
	at de.fu_berlin.inf.dpp.communication.connection.ConnectionHandler.connectXMPPInternal(ConnectionHandler.java:332)
	at de.fu_berlin.inf.dpp.communication.connection.ConnectionHandler.connect(ConnectionHandler.java:190)
	at de.fu_berlin.inf.dpp.ui.actions.ChangeXMPPAccountAction$6.run(ChangeXMPPAccountAction.java:201)
	at de.fu_berlin.inf.dpp.util.ThreadUtils$1.run(ThreadUtils.java:38)
	at java.lang.Thread.run(Thread.java:745)
DEBUG 2017-04-04 13:47:07,845 (XMPPConnectionService.java:398)  new connection state == NOT_CONNECTED
INFO  2017-04-04 13:47:14,194 (FeedbackManager.java:139) Asking for feedback survey: User declined
WARN  2017-04-04 13:47:20,100 (StunServiceImpl.java:420) received no response from STUN server stunserver.org/69.172.201.153:3478 at local address /172.22.100.113:0
