INFO  2017-04-04 13:49:25,736 (Saros.java:220) Starting Saros 14.10.31 running:
  Java Version: 1.8.0_112
  Java Vendor: Oracle Corporation
  Eclipse Runtime Version: 3.12.0.v20160606-1342
  Operating System: Mac OS X (10.12.3)
  Hardware Architecture: x86_64
INFO  2017-04-04 13:49:25,782 (SarosContext.java:153) creating Saros runtime context...
DEBUG 2017-04-04 13:49:25,874 (XMPPAccountStore.java:117) loading accounts from file: /Users/Kurtis/.saros/config.dat
DEBUG 2017-04-04 13:49:26,052 (XMPPAccountStore.java:176) loaded 2 account(s)
INFO  2017-04-04 13:49:26,242 (SarosContext.java:199) successfully created Saros runtime context
DEBUG 2017-04-04 13:49:26,269 (DataTransferManager.java:467) used transport order for the current XMPP connection: [XMPP-Socks5-Transport, XMPP-IBB-Transport]
INFO  2017-04-04 13:49:26,293 (PreferenceInitializer.java:50) initializing preference default values
DEBUG 2017-04-04 13:49:26,339 (SarosAnnotation.java:117) resetting annotation colors
DEBUG 2017-04-04 13:49:26,350 (Saros.java:264) autogenerated favorite color id is: 3
DEBUG 2017-04-04 13:49:26,351 (Saros.java:430) skipping conversion of old XMPP accounts, because there are already new ones
DEBUG 2017-04-04 13:49:33,100 (WhiteboardManager.java:194) WhiteboardManager instantiated
DEBUG 2017-04-04 13:49:33,137 (DocumentRecord.java:93) Added Node: attr(149133177312954995) name=svg
DEBUG 2017-04-04 13:49:33,157 (XMPPConnectionService.java:439) started Socks5 proxy on port: 7777 [listening on all interfaces]
DEBUG 2017-04-04 13:49:33,160 (XMPPConnectionService.java:459) using autodetected addresses: [172.22.100.113, fe80:0:0:0:c9d5:2d77:c9db:5d8f%utun1, fdea:e86a:2f6e:c33d:48c3:b8cf:f9db:419b, fe80:0:0:0:48c3:b8cf:f9db:419b%utun0, fe80:0:0:0:64e5:97ff:fe7e:79e0%awdl0, fe80:0:0:0:144e:c2d1:1401:b49d%en0]
DEBUG 2017-04-04 13:49:33,175 (XMPPConnectionService.java:398)  new connection state == CONNECTING
ERROR 2017-04-04 13:49:34,923 (XMPPConnectionService.java:400)  new connection state == ERROR
SASL authentication DIGEST-MD5 failed: not-authorized: 
	at org.jivesoftware.smack.SASLAuthentication.authenticate(SASLAuthentication.java:342)
	at org.jivesoftware.smack.XMPPConnection.login(XMPPConnection.java:243)
	at de.fu_berlin.inf.dpp.net.xmpp.XMPPConnectionService.connect(XMPPConnectionService.java:276)
	at de.fu_berlin.inf.dpp.communication.connection.ConnectionHandler.connectXMPPInternal(ConnectionHandler.java:332)
	at de.fu_berlin.inf.dpp.communication.connection.ConnectionHandler.connect(ConnectionHandler.java:190)
	at de.fu_berlin.inf.dpp.StartupSaros$1.run(StartupSaros.java:113)
	at de.fu_berlin.inf.dpp.util.ThreadUtils$1.run(ThreadUtils.java:38)
	at java.lang.Thread.run(Thread.java:745)
DEBUG 2017-04-04 13:49:35,082 (XMPPConnectionService.java:398)  new connection state == NOT_CONNECTED
DEBUG 2017-04-04 13:49:38,092 (SharedDocumentProvider.java:77) SharedDocumentProvider created by Eclipse
WARN  2017-04-04 13:49:45,696 (StunServiceImpl.java:420) received no response from STUN server stunserver.org/69.172.201.153:3478 at local address /172.22.100.113:0
DEBUG 2017-04-04 13:50:01,921 (XMPPAccountStore.java:232) saved 2 account(s)
DEBUG 2017-04-04 13:50:02,230 (XMPPConnectionService.java:439) started Socks5 proxy on port: 7777 [listening on all interfaces]
DEBUG 2017-04-04 13:50:02,231 (XMPPConnectionService.java:459) using autodetected addresses: [172.22.100.113, fe80:0:0:0:c9d5:2d77:c9db:5d8f%utun1, fdea:e86a:2f6e:c33d:48c3:b8cf:f9db:419b, fe80:0:0:0:48c3:b8cf:f9db:419b%utun0, fe80:0:0:0:64e5:97ff:fe7e:79e0%awdl0, fe80:0:0:0:144e:c2d1:1401:b49d%en0]
DEBUG 2017-04-04 13:50:02,232 (XMPPConnectionService.java:398)  new connection state == CONNECTING
DEBUG 2017-04-04 13:50:04,124 (XMPPConnectionService.java:398) kurtisblaine@saros-con.imp.fu-berlin.de/Saros new connection state == CONNECTED
DEBUG 2017-04-04 13:50:04,124 (DataTransferManager.java:467) used transport order for the current XMPP connection: [XMPP-Socks5-Transport, XMPP-IBB-Transport]
DEBUG 2017-04-04 13:50:04,126 (SkypeManager.java:289) Refreshing Skype username cache...
WARN  2017-04-04 13:50:12,238 (StunServiceImpl.java:420) received no response from STUN server stunserver.org/69.172.201.153:3478 at local address /172.22.100.113:0
DEBUG 2017-04-04 13:50:38,956 (BaseResourceSelectionComposite.java:174) I got the names from the list: 0
DEBUG 2017-04-04 13:50:39,329 (BaseResourceSelectionComposite.java:150) Remembered checked/grayed items: 53/0 Saved 1 snapshots
DEBUG 2017-04-04 13:50:45,092 (BaseResourceSelectionComposite.java:272) Storing checked elements (not grayed): /CoffeeGame**#**/CoffeeGame/.settings**#**/CoffeeGame/.settings/org.eclipse.jdt.core.prefs**#**/CoffeeGame/bin**#**/CoffeeGame/bin/ch**#**/CoffeeGame/bin/ch/makery**#**/CoffeeGame/bin/ch/makery/coffee**#**/CoffeeGame/bin/ch/makery/coffee/view**#**/CoffeeGame/bin/ch/makery/coffee/view/HighScores.fxml**#**/CoffeeGame/bin/ch/makery/coffee/view/HighScoresController.class**#**/CoffeeGame/bin/ch/makery/coffee/view/MainMenu.fxml**#**/CoffeeGame/bin/ch/makery/coffee/view/MainMenuController.class**#**/CoffeeGame/bin/ch/makery/coffee/view/NewGame.fxml**#**/CoffeeGame/bin/ch/makery/coffee/view/NewGameController.class**#**/CoffeeGame/bin/ch/makery/coffee/view/RootLayout.fxml**#**/CoffeeGame/bin/ch/makery/coffee/view/RootLayoutController.class**#**/CoffeeGame/bin/ch/makery/coffee/view/style.css**#**/CoffeeGame/bin/ch/makery/coffee/.DS_Store**#**/CoffeeGame/bin/ch/makery/coffee/Main.class**#**/CoffeeGame/bin/ch/makery/.DS_Store**#**/CoffeeGame/bin/ch/.DS_Store**#**/CoffeeGame/bin/.DS_Store**#**/CoffeeGame/resources**#**/CoffeeGame/resources/images**#**/CoffeeGame/resources/images/beans.jpeg**#**/CoffeeGame/resources/images/CoffeeEmpty.png**#**/CoffeeGame/resources/images/CoffeeFull.png**#**/CoffeeGame/resources/images/CoffeeShop.jpg**#**/CoffeeGame/resources/images/Starbucks_Book.png**#**/CoffeeGame/resources/images/Trash.png**#**/CoffeeGame/src**#**/CoffeeGame/src/ch**#**/CoffeeGame/src/ch/makery**#**/CoffeeGame/src/ch/makery/coffee**#**/CoffeeGame/src/ch/makery/coffee/view**#**/CoffeeGame/src/ch/makery/coffee/view/HighScores.fxml**#**/CoffeeGame/src/ch/makery/coffee/view/HighScoresController.java**#**/CoffeeGame/src/ch/makery/coffee/view/MainMenu.fxml**#**/CoffeeGame/src/ch/makery/coffee/view/MainMenuController.java**#**/CoffeeGame/src/ch/makery/coffee/view/NewGame.fxml**#**/CoffeeGame/src/ch/makery/coffee/view/NewGameController.java**#**/CoffeeGame/src/ch/makery/coffee/view/RootLayout.fxml**#**/CoffeeGame/src/ch/makery/coffee/view/RootLayoutController.java**#**/CoffeeGame/src/ch/makery/coffee/view/style.css**#**/CoffeeGame/src/ch/makery/coffee/.DS_Store**#**/CoffeeGame/src/ch/makery/coffee/Main.java**#**/CoffeeGame/src/ch/makery/.DS_Store**#**/CoffeeGame/src/ch/.DS_Store**#**/CoffeeGame/src/.DS_Store**#**/CoffeeGame/.classpath**#**/CoffeeGame/.DS_Store**#**/CoffeeGame/.project**#**/CoffeeGame/build.fxbuild**#**
DEBUG 2017-04-04 13:50:45,093 (BaseResourceSelectionComposite.java:184) Remembering new selection name: -Last selection-
DEBUG 2017-04-04 13:50:45,093 (BaseResourceSelectionComposite.java:174) I got the names from the list: 0
DEBUG 2017-04-04 13:50:45,094 (BaseResourceSelectionComposite.java:200) Storing namesString: -Last selection-**#**
INFO  2017-04-04 13:50:45,168 (StatisticManager.java:184) Current feedback settings:
  Feedback disabled: false
  Feedback interval: 5
  Statistic submission allowed: false
  Pseudonym submission allowed: false
INFO  2017-04-04 13:50:45,185 (ErrorLogManager.java:257) Current error log settings:
  Error log submission allowed: false
  Full Error log submission allowed: false
INFO  2017-04-04 13:50:45,556 (StatisticManager.java:163) Session count: 1
INFO  2017-04-04 13:50:45,557 (ParticipantCollector.java:134) Session started: Current number of participants: 1
DEBUG 2017-04-04 13:50:45,559 (ActivityHandler.java:89) activity dispatcher started
DEBUG 2017-04-04 13:50:45,561 (XStreamExtensionProvider.java:149) Registering new converter of class de.fu_berlin.inf.dpp.misc.xstream.SPathConverter
DEBUG 2017-04-04 13:50:45,561 (XStreamExtensionProvider.java:194) Registering new converter of class de.fu_berlin.inf.dpp.misc.xstream.UserConverter
DEBUG 2017-04-04 13:50:45,728 (ConsistencyAction.java:173) Inconsistency indicator goes: off
DEBUG 2017-04-04 13:50:45,728 (WhiteboardManager.java:104) Skip Whiteboard preparation because session host has no Whiteboard
DEBUG 2017-04-04 13:50:45,730 (SarosProjectMapper.java:179) added project de.fu_berlin.inf.dpp.filesystem.EclipseProjectImpl@262b8731 - P/CoffeeGame with ID 2094879745 [completely shared:true]
DEBUG 2017-04-04 13:50:45,793 (SharedProjectDecorator.java:99) updating project decoration for all shared projects
INFO  2017-04-04 13:50:45,795 (SarosSessionManager.java:262) session started
DEBUG 2017-04-04 13:50:45,847 (MultiUserChatService.java:100) Joining MUC...
DEBUG 2017-04-04 13:50:45,851 (MultiUserChat.java:264) Trying to create room on server conference.saros-con.imp.fu-berlin.de
DEBUG 2017-04-04 13:50:45,997 (MultiUserChat.java:310) Configuring room
DEBUG 2017-04-04 13:50:46,286 (MultiUserChat.java:297) MUC created and joined. Server: conference.saros-con.imp.fu-berlin.de Room: SAROS_1495667335 Password 47708574
DEBUG 2017-04-04 13:50:46,930 (MultiUserChat.java:133) processPacket called
DEBUG 2017-04-04 13:50:46,931 (MultiUserChatStateManager.java:101) Incoming Message from saros_1495667335@conference.saros-con.imp.fu-berlin.de/kurtisblaine@saros-con.imp.fu-berlin.de/Saros with state: active
DEBUG 2017-04-04 13:50:46,932 (MultiUserChat.java:79) stateChanged fired with state: active
DEBUG 2017-04-04 13:51:06,261 (XMPPAccountStore.java:232) saved 1 account(s)
DEBUG 2017-04-04 14:02:54,436 (UPnPServiceImpl.java:225) performing gateways discovery
INFO  2017-04-04 14:03:03,455 (UPnPServiceImpl.java:237) discovered 0 gateway(s)
DEBUG 2017-04-04 14:03:05,537 (XMPPConnectionService.java:398) kurtisblaine@saros-con.imp.fu-berlin.de/Saros new connection state == DISCONNECTING
DEBUG 2017-04-04 14:03:05,538 (SarosSessionManager.java:330) terminating all running negotiation processes
DEBUG 2017-04-04 14:03:05,539 (SarosSessionManager.java:337) Leave message sent.
DEBUG 2017-04-04 14:03:05,541 (ActivityHandler.java:109) activity dispatcher stopped
INFO  2017-04-04 14:03:05,541 (FeedbackManager.java:104) Session lasted 12 min 19 s
DEBUG 2017-04-04 14:03:05,543 (FollowModeCollector.java:177) Processing follow mode changes took 0.0 s
INFO  2017-04-04 14:03:05,544 (ParticipantCollector.java:145) Session ended: Current number of participants: 1
DEBUG 2017-04-04 14:03:05,551 (StatisticManager.java:329) Session statistic:
  auto.followmode.enabled=false
  feedback.disabled=false
  feedback.survey.interval=5
  followmode.time.percent=0
  followmode.time.total=0.0
  followmode.toggles=0
  gesture.count=0
  java.version=1.8.0_112
  jumped.count=0
  jumped.driver.count=0
  jumped.observer.count=0
  observer.selection.count.witnessed=0
  observer.selection.count=0
  os.name=Mac OS X
  platform.version=3.12.0.v20160606-1342
  random.user.id=2017-04-04_14-03-05_84242874
  role.1.duration=12.33
  role.1=write_access
  role.changes=0
  role.driver.duration=12.33
  role.driver.percent=100
  role.observer.duration=0.0
  role.observer.percent=0
  saros.version=14.10.31
  session.count=1
  session.id=1495667335
  session.local.start=2017-04-04T19:03:05Z
  session.shared.project.complete.count=1
  session.shared.project.partial.count=0
  session.shared.project.partial.files.count=0
  session.time.users.1.percent=100
  session.time.users.1=12.33
  session.time=12.33
  session.users.total=1
  textedits.chars=0
  textedits.count=0
  textedits.nonparallel.chars=0
  textedits.nonparallel.percent=0
  textedits.pastes.chars=0
  textedits.pastes=0
  user.is.host=true
INFO  2017-04-04 14:03:05,552 (StatisticManager.java:243) User does not allow to submit session statistics
DEBUG 2017-04-04 14:03:05,708 (EditorManager.java:1697) unlocking all editors
DEBUG 2017-04-04 14:03:05,709 (XStreamExtensionProvider.java:169) Unregistering (resetting) converter of class de.fu_berlin.inf.dpp.misc.xstream.SPathConverter
DEBUG 2017-04-04 14:03:05,709 (XStreamExtensionProvider.java:216) Unregistering (resetting) converter of class de.fu_berlin.inf.dpp.misc.xstream.UserConverter
DEBUG 2017-04-04 14:03:05,775 (MultiUserChatService.java:135) leaving multi user chat de.fu_berlin.inf.dpp.communication.chat.muc.MultiUserChat@443d860f
DEBUG 2017-04-04 14:03:05,920 (SharedProjectDecorator.java:93) clearing project decoration for all shared projects
DEBUG 2017-04-04 14:03:05,921 (DocumentRecord.java:93) Added Node: attr(149133258592110854) name=svg
INFO  2017-04-04 14:03:05,922 (SarosSessionManager.java:351) session stopped
DEBUG 2017-04-04 14:03:06,078 (XMPPConnectionService.java:398)  new connection state == NOT_CONNECTED
INFO  2017-04-04 14:03:18,868 (FeedbackManager.java:139) Asking for feedback survey: User declined
DEBUG 2017-04-04 14:03:27,923 (XMPPAccountStore.java:232) saved 1 account(s)
DEBUG 2017-04-04 14:03:28,234 (XMPPConnectionService.java:439) started Socks5 proxy on port: 7777 [listening on all interfaces]
DEBUG 2017-04-04 14:03:28,235 (XMPPConnectionService.java:459) using autodetected addresses: [172.22.100.113, fe80:0:0:0:c9d5:2d77:c9db:5d8f%utun1, fdea:e86a:2f6e:c33d:48c3:b8cf:f9db:419b, fe80:0:0:0:48c3:b8cf:f9db:419b%utun0, fe80:0:0:0:64e5:97ff:fe7e:79e0%awdl0, fe80:0:0:0:144e:c2d1:1401:b49d%en0]
DEBUG 2017-04-04 14:03:28,236 (XMPPConnectionService.java:398)  new connection state == CONNECTING
DEBUG 2017-04-04 14:03:30,130 (XMPPConnectionService.java:398) kurtisblaine@saros-con.imp.fu-berlin.de/Saros new connection state == CONNECTED
DEBUG 2017-04-04 14:03:30,131 (DataTransferManager.java:467) used transport order for the current XMPP connection: [XMPP-Socks5-Transport, XMPP-IBB-Transport]
DEBUG 2017-04-04 14:03:30,132 (SkypeManager.java:289) Refreshing Skype username cache...
WARN  2017-04-04 14:03:38,241 (StunServiceImpl.java:420) received no response from STUN server stunserver.org/69.172.201.153:3478 at local address /172.22.100.113:0
DEBUG 2017-04-04 14:04:08,145 (BaseResourceSelectionComposite.java:174) I got the names from the list: 1
DEBUG 2017-04-04 14:04:08,343 (BaseResourceSelectionComposite.java:150) Remembered checked/grayed items: 53/0 Saved 1 snapshots
DEBUG 2017-04-04 14:04:13,413 (BaseResourceSelectionComposite.java:272) Storing checked elements (not grayed): /CoffeeGame**#**/CoffeeGame/.settings**#**/CoffeeGame/.settings/org.eclipse.jdt.core.prefs**#**/CoffeeGame/bin**#**/CoffeeGame/bin/ch**#**/CoffeeGame/bin/ch/makery**#**/CoffeeGame/bin/ch/makery/coffee**#**/CoffeeGame/bin/ch/makery/coffee/view**#**/CoffeeGame/bin/ch/makery/coffee/view/HighScores.fxml**#**/CoffeeGame/bin/ch/makery/coffee/view/HighScoresController.class**#**/CoffeeGame/bin/ch/makery/coffee/view/MainMenu.fxml**#**/CoffeeGame/bin/ch/makery/coffee/view/MainMenuController.class**#**/CoffeeGame/bin/ch/makery/coffee/view/NewGame.fxml**#**/CoffeeGame/bin/ch/makery/coffee/view/NewGameController.class**#**/CoffeeGame/bin/ch/makery/coffee/view/RootLayout.fxml**#**/CoffeeGame/bin/ch/makery/coffee/view/RootLayoutController.class**#**/CoffeeGame/bin/ch/makery/coffee/view/style.css**#**/CoffeeGame/bin/ch/makery/coffee/.DS_Store**#**/CoffeeGame/bin/ch/makery/coffee/Main.class**#**/CoffeeGame/bin/ch/makery/.DS_Store**#**/CoffeeGame/bin/ch/.DS_Store**#**/CoffeeGame/bin/.DS_Store**#**/CoffeeGame/resources**#**/CoffeeGame/resources/images**#**/CoffeeGame/resources/images/beans.jpeg**#**/CoffeeGame/resources/images/CoffeeEmpty.png**#**/CoffeeGame/resources/images/CoffeeFull.png**#**/CoffeeGame/resources/images/CoffeeShop.jpg**#**/CoffeeGame/resources/images/Starbucks_Book.png**#**/CoffeeGame/resources/images/Trash.png**#**/CoffeeGame/src**#**/CoffeeGame/src/ch**#**/CoffeeGame/src/ch/makery**#**/CoffeeGame/src/ch/makery/coffee**#**/CoffeeGame/src/ch/makery/coffee/view**#**/CoffeeGame/src/ch/makery/coffee/view/HighScores.fxml**#**/CoffeeGame/src/ch/makery/coffee/view/HighScoresController.java**#**/CoffeeGame/src/ch/makery/coffee/view/MainMenu.fxml**#**/CoffeeGame/src/ch/makery/coffee/view/MainMenuController.java**#**/CoffeeGame/src/ch/makery/coffee/view/NewGame.fxml**#**/CoffeeGame/src/ch/makery/coffee/view/NewGameController.java**#**/CoffeeGame/src/ch/makery/coffee/view/RootLayout.fxml**#**/CoffeeGame/src/ch/makery/coffee/view/RootLayoutController.java**#**/CoffeeGame/src/ch/makery/coffee/view/style.css**#**/CoffeeGame/src/ch/makery/coffee/.DS_Store**#**/CoffeeGame/src/ch/makery/coffee/Main.java**#**/CoffeeGame/src/ch/makery/.DS_Store**#**/CoffeeGame/src/ch/.DS_Store**#**/CoffeeGame/src/.DS_Store**#**/CoffeeGame/.classpath**#**/CoffeeGame/.DS_Store**#**/CoffeeGame/.project**#**/CoffeeGame/build.fxbuild**#**
DEBUG 2017-04-04 14:04:13,415 (BaseResourceSelectionComposite.java:184) Remembering new selection name: -Last selection-
DEBUG 2017-04-04 14:04:13,415 (BaseResourceSelectionComposite.java:174) I got the names from the list: 1
DEBUG 2017-04-04 14:04:13,416 (BaseResourceSelectionComposite.java:190) Not adding name to list because already exists: -Last selection-
INFO  2017-04-04 14:04:13,426 (StatisticManager.java:184) Current feedback settings:
  Feedback disabled: false
  Feedback interval: 5
  Statistic submission allowed: false
  Pseudonym submission allowed: false
INFO  2017-04-04 14:04:13,428 (ErrorLogManager.java:257) Current error log settings:
  Error log submission allowed: false
  Full Error log submission allowed: false
INFO  2017-04-04 14:04:13,798 (StatisticManager.java:163) Session count: 2
INFO  2017-04-04 14:04:13,799 (ParticipantCollector.java:134) Session started: Current number of participants: 1
DEBUG 2017-04-04 14:04:13,801 (ActivityHandler.java:89) activity dispatcher started
DEBUG 2017-04-04 14:04:13,802 (XStreamExtensionProvider.java:144) Renewing existing converter of class de.fu_berlin.inf.dpp.misc.xstream.SPathConverter
DEBUG 2017-04-04 14:04:13,803 (XStreamExtensionProvider.java:189) Renewing existing converter of class de.fu_berlin.inf.dpp.misc.xstream.UserConverter
DEBUG 2017-04-04 14:04:13,913 (ConsistencyAction.java:173) Inconsistency indicator goes: off
DEBUG 2017-04-04 14:04:13,914 (WhiteboardManager.java:104) Skip Whiteboard preparation because session host has no Whiteboard
DEBUG 2017-04-04 14:04:13,914 (SarosProjectMapper.java:179) added project de.fu_berlin.inf.dpp.filesystem.EclipseProjectImpl@262b8731 - P/CoffeeGame with ID 2076630091 [completely shared:true]
DEBUG 2017-04-04 14:04:13,966 (SharedProjectDecorator.java:99) updating project decoration for all shared projects
INFO  2017-04-04 14:04:13,967 (SarosSessionManager.java:262) session started
DEBUG 2017-04-04 14:04:14,083 (MultiUserChatService.java:100) Joining MUC...
DEBUG 2017-04-04 14:04:14,083 (MultiUserChat.java:264) Trying to create room on server conference.saros-con.imp.fu-berlin.de
DEBUG 2017-04-04 14:04:14,226 (MultiUserChat.java:310) Configuring room
DEBUG 2017-04-04 14:04:14,511 (MultiUserChat.java:297) MUC created and joined. Server: conference.saros-con.imp.fu-berlin.de Room: SAROS_2015945225 Password 47708574
DEBUG 2017-04-04 14:04:15,165 (MultiUserChatStateManager.java:101) Incoming Message from saros_2015945225@conference.saros-con.imp.fu-berlin.de/kurtisblaine@saros-con.imp.fu-berlin.de/Saros with state: active
DEBUG 2017-04-04 14:04:15,165 (MultiUserChat.java:79) stateChanged fired with state: active
DEBUG 2017-04-04 14:04:15,166 (MultiUserChat.java:133) processPacket called
WARN  2017-04-04 14:11:27,588 (EditorAPI.java:298) could not get resource reference from editor part: org.eclipse.ui.internal.browser.WebBrowserEditor@18853e65
WARN  2017-04-04 14:11:27,601 (EditorAPI.java:298) could not get resource reference from editor part: org.eclipse.ui.internal.browser.WebBrowserEditor@18853e65
DEBUG 2017-04-04 14:22:22,830 (SarosSessionManager.java:330) terminating all running negotiation processes
WARN  2017-04-04 14:22:22,831 (SWTUtils.java:144) could not execute runnable de.fu_berlin.inf.dpp.ui.actions.RemoveUserAction$2$2@7fee8d8a, UI thread is not available
StackTrace:
	at de.fu_berlin.inf.dpp.ui.util.SWTUtils.runSafeSWTAsync(SWTUtils.java:145)
	at de.fu_berlin.inf.dpp.ui.actions.RemoveUserAction$2.sessionEnding(RemoveUserAction.java:64)
	at de.fu_berlin.inf.dpp.project.SarosSessionManager.sessionEnding(SarosSessionManager.java:701)
	at de.fu_berlin.inf.dpp.project.SarosSessionManager.stopSarosSession(SarosSessionManager.java:335)
	at de.fu_berlin.inf.dpp.Saros$1.run(Saros.java:303)
	at de.fu_berlin.inf.dpp.util.ThreadUtils$1.run(ThreadUtils.java:38)
	at java.lang.Thread.run(Thread.java:745)
DEBUG 2017-04-04 14:22:22,833 (SarosSessionManager.java:337) Leave message sent.
WARN  2017-04-04 14:22:22,834 (SWTSynchronizer.java:55) could not execute runnable de.fu_berlin.inf.dpp.concurrent.watchdog.ConsistencyWatchdogServer$2@f279de3, UI thread is not available
StackTrace:
	at de.fu_berlin.inf.dpp.synchronize.internal.SWTSynchronizer.exec(SWTSynchronizer.java:56)
	at de.fu_berlin.inf.dpp.synchronize.internal.SWTSynchronizer.asyncExec(SWTSynchronizer.java:20)
	at de.fu_berlin.inf.dpp.concurrent.watchdog.ConsistencyWatchdogServer.stop(ConsistencyWatchdogServer.java:145)
	at sun.reflect.GeneratedMethodAccessor62.invoke(Unknown Source)
	at sun.reflect.DelegatingMethodAccessorImpl.invoke(DelegatingMethodAccessorImpl.java:43)
	at java.lang.reflect.Method.invoke(Method.java:498)
	at org.picocontainer.lifecycle.StartableLifecycleStrategy.doLifecycleMethod(StartableLifecycleStrategy.java:101)
	at org.picocontainer.lifecycle.StartableLifecycleStrategy.stopComponent(StartableLifecycleStrategy.java:113)
	at org.picocontainer.lifecycle.StartableLifecycleStrategy.stop(StartableLifecycleStrategy.java:126)
	at org.picocontainer.injectors.AbstractInjectionFactory$LifecycleAdapter.stop(AbstractInjectionFactory.java:88)
	at org.picocontainer.behaviors.AbstractBehavior.stop(AbstractBehavior.java:179)
	at org.picocontainer.behaviors.Stored$RealComponentLifecycle.stop(Stored.java:141)
	at org.picocontainer.behaviors.Stored.stop(Stored.java:118)
	at org.picocontainer.DefaultPicoContainer.stopAdapters(DefaultPicoContainer.java:1036)
	at org.picocontainer.DefaultPicoContainer.stop(DefaultPicoContainer.java:791)
	at de.fu_berlin.inf.dpp.project.internal.SarosSession.stop(SarosSession.java:639)
	at de.fu_berlin.inf.dpp.project.SarosSessionManager.stopSarosSession(SarosSessionManager.java:340)
	at de.fu_berlin.inf.dpp.Saros$1.run(Saros.java:303)
	at de.fu_berlin.inf.dpp.util.ThreadUtils$1.run(ThreadUtils.java:38)
	at java.lang.Thread.run(Thread.java:745)
DEBUG 2017-04-04 14:22:22,835 (ActivityHandler.java:109) activity dispatcher stopped
INFO  2017-04-04 14:22:22,836 (FeedbackManager.java:104) Session lasted 18 min 9 s
INFO  2017-04-04 14:22:22,836 (FeedbackManager.java:119) Sessions until next survey: 4
DEBUG 2017-04-04 14:22:22,837 (FollowModeCollector.java:177) Processing follow mode changes took 0.0 s
INFO  2017-04-04 14:22:22,837 (ParticipantCollector.java:145) Session ended: Current number of participants: 1
DEBUG 2017-04-04 14:22:22,839 (StatisticManager.java:329) Session statistic:
  auto.followmode.enabled=false
  feedback.disabled=false
  feedback.survey.interval=5
  followmode.time.percent=0
  followmode.time.total=0.0
  followmode.toggles=0
  gesture.count=0
  java.version=1.8.0_112
  jumped.count=0
  jumped.driver.count=0
  jumped.observer.count=0
  observer.selection.count.witnessed=0
  observer.selection.count=0
  os.name=Mac OS X
  platform.version=3.12.0.v20160606-1342
  random.user.id=2017-04-04_14-03-05_84242874
  role.1.duration=18.15
  role.1=write_access
  role.changes=0
  role.driver.duration=18.15
  role.driver.percent=100
  role.observer.duration=0.0
  role.observer.percent=0
  saros.version=14.10.31
  session.count=2
  session.id=2015945225
  session.local.start=2017-04-04T19:22:22Z
  session.shared.project.complete.count=1
  session.shared.project.partial.count=0
  session.shared.project.partial.files.count=0
  session.time.users.1.percent=100
  session.time.users.1=18.15
  session.time=18.15
  session.users.total=1
  textedits.chars=0
  textedits.count=0
  textedits.nonparallel.chars=0
  textedits.nonparallel.percent=0
  textedits.pastes.chars=0
  textedits.pastes=0
  user.is.host=true
INFO  2017-04-04 14:22:22,839 (StatisticManager.java:243) User does not allow to submit session statistics
WARN  2017-04-04 14:22:22,840 (SWTUtils.java:193) could not execute runnable de.fu_berlin.inf.dpp.editor.EditorManager$3$1@737a1cb5, UI thread is not available
StackTrace:
	at de.fu_berlin.inf.dpp.ui.util.SWTUtils.runSafeSWTSync(SWTUtils.java:194)
	at de.fu_berlin.inf.dpp.editor.EditorManager$3.execute(EditorManager.java:262)
	at de.fu_berlin.inf.dpp.editor.EditorManager$3.unblock(EditorManager.java:253)
	at de.fu_berlin.inf.dpp.synchronize.StopManager.lockSession(StopManager.java:408)
	at de.fu_berlin.inf.dpp.synchronize.StopManager.stop(StopManager.java:579)
	at sun.reflect.GeneratedMethodAccessor62.invoke(Unknown Source)
	at sun.reflect.DelegatingMethodAccessorImpl.invoke(DelegatingMethodAccessorImpl.java:43)
	at java.lang.reflect.Method.invoke(Method.java:498)
	at org.picocontainer.lifecycle.StartableLifecycleStrategy.doLifecycleMethod(StartableLifecycleStrategy.java:101)
	at org.picocontainer.lifecycle.StartableLifecycleStrategy.stopComponent(StartableLifecycleStrategy.java:113)
	at org.picocontainer.lifecycle.StartableLifecycleStrategy.stop(StartableLifecycleStrategy.java:126)
	at org.picocontainer.injectors.AbstractInjectionFactory$LifecycleAdapter.stop(AbstractInjectionFactory.java:88)
	at org.picocontainer.behaviors.AbstractBehavior.stop(AbstractBehavior.java:179)
	at org.picocontainer.behaviors.Stored$RealComponentLifecycle.stop(Stored.java:141)
	at org.picocontainer.behaviors.Stored.stop(Stored.java:118)
	at org.picocontainer.DefaultPicoContainer.stopAdapters(DefaultPicoContainer.java:1036)
	at org.picocontainer.DefaultPicoContainer.stop(DefaultPicoContainer.java:791)
	at de.fu_berlin.inf.dpp.project.internal.SarosSession.stop(SarosSession.java:639)
	at de.fu_berlin.inf.dpp.project.SarosSessionManager.stopSarosSession(SarosSessionManager.java:340)
	at de.fu_berlin.inf.dpp.Saros$1.run(Saros.java:303)
	at de.fu_berlin.inf.dpp.util.ThreadUtils$1.run(ThreadUtils.java:38)
	at java.lang.Thread.run(Thread.java:745)
DEBUG 2017-04-04 14:22:22,842 (XStreamExtensionProvider.java:169) Unregistering (resetting) converter of class de.fu_berlin.inf.dpp.misc.xstream.SPathConverter
DEBUG 2017-04-04 14:22:22,842 (XStreamExtensionProvider.java:216) Unregistering (resetting) converter of class de.fu_berlin.inf.dpp.misc.xstream.UserConverter
WARN  2017-04-04 14:22:22,843 (SWTUtils.java:193) could not execute runnable de.fu_berlin.inf.dpp.editor.EditorManager$5$2@7428da29, UI thread is not available
StackTrace:
	at de.fu_berlin.inf.dpp.ui.util.SWTUtils.runSafeSWTSync(SWTUtils.java:194)
	at de.fu_berlin.inf.dpp.editor.EditorManager$5.sessionEnded(EditorManager.java:358)
	at de.fu_berlin.inf.dpp.project.SarosSessionManager.sessionEnded(SarosSessionManager.java:711)
	at de.fu_berlin.inf.dpp.project.SarosSessionManager.stopSarosSession(SarosSessionManager.java:347)
	at de.fu_berlin.inf.dpp.Saros$1.run(Saros.java:303)
	at de.fu_berlin.inf.dpp.util.ThreadUtils$1.run(ThreadUtils.java:38)
	at java.lang.Thread.run(Thread.java:745)
WARN  2017-04-04 14:22:22,843 (SWTUtils.java:144) could not execute runnable de.fu_berlin.inf.dpp.ui.views.SarosView$11@756ce846, UI thread is not available
StackTrace:
	at de.fu_berlin.inf.dpp.ui.util.SWTUtils.runSafeSWTAsync(SWTUtils.java:145)
	at de.fu_berlin.inf.dpp.ui.views.SarosView.clearNotifications(SarosView.java:695)
	at de.fu_berlin.inf.dpp.ui.eventhandler.HostLeftAloneInSessionHandler$1.sessionEnded(HostLeftAloneInSessionHandler.java:46)
	at de.fu_berlin.inf.dpp.project.SarosSessionManager.sessionEnded(SarosSessionManager.java:711)
	at de.fu_berlin.inf.dpp.project.SarosSessionManager.stopSarosSession(SarosSessionManager.java:347)
	at de.fu_berlin.inf.dpp.Saros$1.run(Saros.java:303)
	at de.fu_berlin.inf.dpp.util.ThreadUtils$1.run(ThreadUtils.java:38)
	at java.lang.Thread.run(Thread.java:745)
DEBUG 2017-04-04 14:22:22,844 (DocumentRecord.java:93) Added Node: attr(149133374284462208) name=svg
INFO  2017-04-04 14:22:22,844 (SarosSessionManager.java:351) session stopped
DEBUG 2017-04-04 14:22:22,845 (XMPPConnectionService.java:398) kurtisblaine@saros-con.imp.fu-berlin.de/Saros new connection state == DISCONNECTING
DEBUG 2017-04-04 14:22:23,001 (XMPPConnectionService.java:398)  new connection state == NOT_CONNECTED
DEBUG 2017-04-04 14:22:23,001 (UPnPServiceImpl.java:295) deleting existing port mappings
