INFO  2017-04-06 19:24:29,378 (Saros.java:220) Starting Saros 14.10.31 running:
  Java Version: 1.8.0_112
  Java Vendor: Oracle Corporation
  Eclipse Runtime Version: 3.12.0.v20160606-1342
  Operating System: Mac OS X (10.12.3)
  Hardware Architecture: x86_64
INFO  2017-04-06 19:24:29,434 (SarosContext.java:153) creating Saros runtime context...
DEBUG 2017-04-06 19:24:29,487 (XMPPAccountStore.java:117) loading accounts from file: /Users/Kurtis/.saros/config.dat
DEBUG 2017-04-06 19:24:29,706 (XMPPAccountStore.java:176) loaded 1 account(s)
INFO  2017-04-06 19:24:29,923 (SarosContext.java:199) successfully created Saros runtime context
DEBUG 2017-04-06 19:24:29,951 (DataTransferManager.java:467) used transport order for the current XMPP connection: [XMPP-Socks5-Transport, XMPP-IBB-Transport]
INFO  2017-04-06 19:24:29,982 (PreferenceInitializer.java:50) initializing preference default values
DEBUG 2017-04-06 19:24:30,032 (SarosAnnotation.java:117) resetting annotation colors
DEBUG 2017-04-06 19:24:30,042 (Saros.java:430) skipping conversion of old XMPP accounts, because there are already new ones
DEBUG 2017-04-06 19:24:38,948 (WhiteboardManager.java:194) WhiteboardManager instantiated
DEBUG 2017-04-06 19:24:38,988 (DocumentRecord.java:93) Added Node: attr(149152467898197967) name=svg
DEBUG 2017-04-06 19:24:39,346 (XMPPConnectionService.java:439) started Socks5 proxy on port: 7777 [listening on all interfaces]
DEBUG 2017-04-06 19:24:39,352 (XMPPConnectionService.java:459) using autodetected addresses: [192.168.0.11, fe80:0:0:0:c9d5:2d77:c9db:5d8f%utun1, fdea:e86a:2f6e:c33d:48c3:b8cf:f9db:419b, fe80:0:0:0:48c3:b8cf:f9db:419b%utun0, fe80:0:0:0:64e5:97ff:fe7e:79e0%awdl0, 2001:48f8:2c:1372:0:0:0:2, 2001:48f8:2c:1372:ade4:99f4:287c:af75, 2001:48f8:2c:1372:8b1:cf3d:ea40:598a, fe80:0:0:0:144e:c2d1:1401:b49d%en0]
DEBUG 2017-04-06 19:24:39,361 (XMPPConnectionService.java:398)  new connection state == CONNECTING
DEBUG 2017-04-06 19:24:42,701 (XMPPConnectionService.java:398) kurtisblaine@saros-con.imp.fu-berlin.de/Saros new connection state == CONNECTED
DEBUG 2017-04-06 19:24:42,701 (DataTransferManager.java:467) used transport order for the current XMPP connection: [XMPP-Socks5-Transport, XMPP-IBB-Transport]
DEBUG 2017-04-06 19:24:42,704 (SkypeManager.java:289) Refreshing Skype username cache...
WARN  2017-04-06 19:24:49,421 (StunServiceImpl.java:420) received no response from STUN server stunserver.org/69.172.201.153:3478 at local address /192.168.0.11:0
WARN  2017-04-06 19:29:50,404 (AddContactWizard.java:237) Problem while adding a contact. User decided to add contact anyway. Problem:
service-unavailable(503)
DEBUG 2017-04-06 19:50:30,081 (SubscriptionHandler.java:152) contact subscribed to us: yli23797@saros-con.imp.fu-berlin.de
DEBUG 2017-04-06 19:50:30,397 (SubscriptionHandler.java:160) contact requests to subscribe to us: yli23797@saros-con.imp.fu-berlin.de
DEBUG 2017-04-06 19:50:30,607 (DiscoveryManager.java:382) Inserted DiscoveryInfo into Cache for: yli23797@saros-con.imp.fu-berlin.de/Saros
DEBUG 2017-04-06 19:50:37,481 (DiscoveryManager.java:98) clearing cache entry of contact yli23797@saros-con.imp.fu-berlin.de/Saros: <query xmlns="http://jabber.org/protocol/disco#info"><identity category="client" name="Smack" type="pc"/><feature var="http://jabber.org/protocol/disco#items"/><feature var="http://jabber.org/protocol/bytestreams"/><feature var="http://jabber.org/protocol/ibb"/><feature var="http://jabber.org/protocol/si"/><feature var="http://jabber.org/protocol/xhtml-im"/><feature var="http://jabber.org/protocol/chatstates"/><feature var="http://jabber.org/protocol/si/profile/file-transfer"/><feature var="urn:xmpp:ping"/><feature var="jabber:iq:last"/><feature var="http://jabber.org/protocol/commands"/><feature var="http://jabber.org/protocol/muc"/><feature var="de.fu_berlin.inf.dpp"/><feature var="http://jabber.org/protocol/disco#info"/></query>
DEBUG 2017-04-06 19:50:42,682 (DiscoveryManager.java:382) Inserted DiscoveryInfo into Cache for: yli23797@saros-con.imp.fu-berlin.de/Saros
DEBUG 2017-04-06 19:50:51,836 (XMPPConnectionService.java:398) kurtisblaine@saros-con.imp.fu-berlin.de/Saros new connection state == DISCONNECTING
DEBUG 2017-04-06 19:50:51,994 (XMPPConnectionService.java:398)  new connection state == NOT_CONNECTED
DEBUG 2017-04-06 19:50:51,996 (UPnPServiceImpl.java:295) deleting existing port mappings
