INFO  2017-04-10 19:07:24,912 (Saros.java:220) Starting Saros 14.10.31 running:
  Java Version: 1.8.0_112
  Java Vendor: Oracle Corporation
  Eclipse Runtime Version: 3.12.0.v20160606-1342
  Operating System: Mac OS X (10.12.3)
  Hardware Architecture: x86_64
INFO  2017-04-10 19:07:24,960 (SarosContext.java:153) creating Saros runtime context...
DEBUG 2017-04-10 19:07:25,011 (XMPPAccountStore.java:117) loading accounts from file: /Users/Kurtis/.saros/config.dat
DEBUG 2017-04-10 19:07:25,195 (XMPPAccountStore.java:176) loaded 1 account(s)
INFO  2017-04-10 19:07:25,380 (SarosContext.java:199) successfully created Saros runtime context
DEBUG 2017-04-10 19:07:25,401 (DataTransferManager.java:467) used transport order for the current XMPP connection: [XMPP-Socks5-Transport, XMPP-IBB-Transport]
INFO  2017-04-10 19:07:25,427 (PreferenceInitializer.java:50) initializing preference default values
DEBUG 2017-04-10 19:07:25,472 (SarosAnnotation.java:117) resetting annotation colors
DEBUG 2017-04-10 19:07:25,480 (Saros.java:430) skipping conversion of old XMPP accounts, because there are already new ones
DEBUG 2017-04-10 19:07:49,335 (WhiteboardManager.java:194) WhiteboardManager instantiated
DEBUG 2017-04-10 19:07:49,364 (DocumentRecord.java:93) Added Node: attr(149186926935633430) name=svg
DEBUG 2017-04-10 19:07:49,615 (XMPPConnectionService.java:439) started Socks5 proxy on port: 7777 [listening on all interfaces]
DEBUG 2017-04-10 19:07:49,624 (XMPPConnectionService.java:459) using autodetected addresses: [192.168.0.14, fe80:0:0:0:c9d5:2d77:c9db:5d8f%utun1, fdea:e86a:2f6e:c33d:48c3:b8cf:f9db:419b, fe80:0:0:0:48c3:b8cf:f9db:419b%utun0, fe80:0:0:0:64e5:97ff:fe7e:79e0%awdl0, 2001:48f8:2c:1372:0:0:0:5, 2001:48f8:2c:1372:2051:eabb:de67:31b4, 2001:48f8:2c:1372:8b1:cf3d:ea40:598a, fe80:0:0:0:144e:c2d1:1401:b49d%en0]
DEBUG 2017-04-10 19:07:49,711 (XMPPConnectionService.java:398)  new connection state == CONNECTING
DEBUG 2017-04-10 19:07:53,357 (XMPPConnectionService.java:398) kurtisblaine@saros-con.imp.fu-berlin.de/Saros new connection state == CONNECTED
DEBUG 2017-04-10 19:07:53,357 (DataTransferManager.java:467) used transport order for the current XMPP connection: [XMPP-Socks5-Transport, XMPP-IBB-Transport]
DEBUG 2017-04-10 19:07:53,359 (SkypeManager.java:289) Refreshing Skype username cache...
WARN  2017-04-10 19:07:59,852 (StunServiceImpl.java:420) received no response from STUN server stunserver.org/69.172.201.153:3478 at local address /192.168.0.14:0
DEBUG 2017-04-10 19:08:18,898 (BaseResourceSelectionComposite.java:174) I got the names from the list: 1
DEBUG 2017-04-10 19:08:19,134 (BaseResourceSelectionComposite.java:150) Remembered checked/grayed items: 0/0 Saved 1 snapshots
DEBUG 2017-04-10 19:08:21,614 (BaseResourceSelectionComposite.java:150) Remembered checked/grayed items: 55/0 Saved 2 snapshots
DEBUG 2017-04-10 19:11:58,914 (DiscoveryManager.java:382) Inserted DiscoveryInfo into Cache for: tphecht@saros-con.imp.fu-berlin.de/Saros
DEBUG 2017-04-10 19:12:05,980 (DiscoveryManager.java:382) Inserted DiscoveryInfo into Cache for: yli23797@saros-con.imp.fu-berlin.de/Saros
DEBUG 2017-04-10 19:12:07,089 (BaseResourceSelectionComposite.java:174) I got the names from the list: 1
DEBUG 2017-04-10 19:12:07,289 (BaseResourceSelectionComposite.java:150) Remembered checked/grayed items: 55/0 Saved 1 snapshots
DEBUG 2017-04-10 19:12:16,159 (BaseResourceSelectionComposite.java:272) Storing checked elements (not grayed): /CoffeeGame**#**/CoffeeGame/.settings**#**/CoffeeGame/.settings/org.eclipse.jdt.core.prefs**#**/CoffeeGame/bin**#**/CoffeeGame/bin/ch**#**/CoffeeGame/bin/ch/makery**#**/CoffeeGame/bin/ch/makery/coffee**#**/CoffeeGame/bin/ch/makery/coffee/view**#**/CoffeeGame/bin/ch/makery/coffee/view/HighScores.fxml**#**/CoffeeGame/bin/ch/makery/coffee/view/HighScoresController.class**#**/CoffeeGame/bin/ch/makery/coffee/view/MainMenu.fxml**#**/CoffeeGame/bin/ch/makery/coffee/view/MainMenuController.class**#**/CoffeeGame/bin/ch/makery/coffee/view/NewGame.fxml**#**/CoffeeGame/bin/ch/makery/coffee/view/NewGameController.class**#**/CoffeeGame/bin/ch/makery/coffee/view/RootLayout.fxml**#**/CoffeeGame/bin/ch/makery/coffee/view/RootLayoutController.class**#**/CoffeeGame/bin/ch/makery/coffee/view/style.css**#**/CoffeeGame/bin/ch/makery/coffee/.DS_Store**#**/CoffeeGame/bin/ch/makery/coffee/Main.class**#**/CoffeeGame/bin/ch/makery/.DS_Store**#**/CoffeeGame/bin/ch/.DS_Store**#**/CoffeeGame/bin/.DS_Store**#**/CoffeeGame/resources**#**/CoffeeGame/resources/images**#**/CoffeeGame/resources/images/.DS_Store**#**/CoffeeGame/resources/images/beans.jpeg**#**/CoffeeGame/resources/images/coffeebarWIP2.png**#**/CoffeeGame/resources/images/CoffeeEmpty.png**#**/CoffeeGame/resources/images/CoffeeFull.png**#**/CoffeeGame/resources/images/CoffeeShop.jpg**#**/CoffeeGame/resources/images/Starbucks_Book.png**#**/CoffeeGame/resources/images/Trash.png**#**/CoffeeGame/src**#**/CoffeeGame/src/ch**#**/CoffeeGame/src/ch/makery**#**/CoffeeGame/src/ch/makery/coffee**#**/CoffeeGame/src/ch/makery/coffee/view**#**/CoffeeGame/src/ch/makery/coffee/view/HighScores.fxml**#**/CoffeeGame/src/ch/makery/coffee/view/HighScoresController.java**#**/CoffeeGame/src/ch/makery/coffee/view/MainMenu.fxml**#**/CoffeeGame/src/ch/makery/coffee/view/MainMenuController.java**#**/CoffeeGame/src/ch/makery/coffee/view/NewGame.fxml**#**/CoffeeGame/src/ch/makery/coffee/view/NewGameController.java**#**/CoffeeGame/src/ch/makery/coffee/view/RootLayout.fxml**#**/CoffeeGame/src/ch/makery/coffee/view/RootLayoutController.java**#**/CoffeeGame/src/ch/makery/coffee/view/style.css**#**/CoffeeGame/src/ch/makery/coffee/.DS_Store**#**/CoffeeGame/src/ch/makery/coffee/Main.java**#**/CoffeeGame/src/ch/makery/.DS_Store**#**/CoffeeGame/src/ch/.DS_Store**#**/CoffeeGame/src/.DS_Store**#**/CoffeeGame/.classpath**#**/CoffeeGame/.DS_Store**#**/CoffeeGame/.project**#**/CoffeeGame/build.fxbuild**#**
DEBUG 2017-04-10 19:12:16,159 (BaseResourceSelectionComposite.java:184) Remembering new selection name: -Last selection-
DEBUG 2017-04-10 19:12:16,160 (BaseResourceSelectionComposite.java:174) I got the names from the list: 1
DEBUG 2017-04-10 19:12:16,160 (BaseResourceSelectionComposite.java:190) Not adding name to list because already exists: -Last selection-
INFO  2017-04-10 19:12:16,250 (StatisticManager.java:184) Current feedback settings:
  Feedback disabled: false
  Feedback interval: 5
  Statistic submission allowed: false
  Pseudonym submission allowed: false
INFO  2017-04-10 19:12:16,265 (ErrorLogManager.java:257) Current error log settings:
  Error log submission allowed: false
  Full Error log submission allowed: false
INFO  2017-04-10 19:12:16,623 (StatisticManager.java:163) Session count: 7
INFO  2017-04-10 19:12:16,623 (ParticipantCollector.java:134) Session started: Current number of participants: 1
DEBUG 2017-04-10 19:12:16,625 (ActivityHandler.java:89) activity dispatcher started
DEBUG 2017-04-10 19:12:16,627 (XStreamExtensionProvider.java:149) Registering new converter of class de.fu_berlin.inf.dpp.misc.xstream.SPathConverter
DEBUG 2017-04-10 19:12:16,627 (XStreamExtensionProvider.java:194) Registering new converter of class de.fu_berlin.inf.dpp.misc.xstream.UserConverter
DEBUG 2017-04-10 19:12:16,743 (ConsistencyAction.java:173) Inconsistency indicator goes: off
DEBUG 2017-04-10 19:12:16,744 (WhiteboardManager.java:104) Skip Whiteboard preparation because session host has no Whiteboard
DEBUG 2017-04-10 19:12:16,745 (SarosProjectMapper.java:179) added project de.fu_berlin.inf.dpp.filesystem.EclipseProjectImpl@262b8731 - P/CoffeeGame with ID 963369268 [completely shared:true]
DEBUG 2017-04-10 19:12:16,815 (SharedProjectDecorator.java:99) updating project decoration for all shared projects
INFO  2017-04-10 19:12:16,817 (SarosSessionManager.java:262) session started
DEBUG 2017-04-10 19:12:16,842 (OutgoingSessionNegotiation.java:122) OSN [remote side: yli23797@saros-con.imp.fu-berlin.de] : starting invitation
DEBUG 2017-04-10 19:12:16,842 (OutgoingSessionNegotiation.java:122) OSN [remote side: tphecht@saros-con.imp.fu-berlin.de] : starting invitation
DEBUG 2017-04-10 19:12:16,844 (OutgoingSessionNegotiation.java:223) OSN [remote side: tphecht@saros-con.imp.fu-berlin.de] : checking Saros support
DEBUG 2017-04-10 19:12:16,844 (OutgoingSessionNegotiation.java:223) OSN [remote side: yli23797@saros-con.imp.fu-berlin.de] : checking Saros support
DEBUG 2017-04-10 19:12:16,845 (OutgoingSessionNegotiation.java:235) OSN [remote side: tphecht@saros-con.imp.fu-berlin.de] :  remote contact offers Saros support
DEBUG 2017-04-10 19:12:16,846 (OutgoingSessionNegotiation.java:235) OSN [remote side: yli23797@saros-con.imp.fu-berlin.de] :  remote contact offers Saros support
DEBUG 2017-04-10 19:12:16,846 (OutgoingSessionNegotiation.java:253) OSN [remote side: tphecht@saros-con.imp.fu-berlin.de/Saros] : checking version compatibility
DEBUG 2017-04-10 19:12:16,846 (OutgoingSessionNegotiation.java:253) OSN [remote side: yli23797@saros-con.imp.fu-berlin.de/Saros] : checking version compatibility
DEBUG 2017-04-10 19:12:16,971 (MultiUserChatService.java:100) Joining MUC...
DEBUG 2017-04-10 19:12:16,974 (MultiUserChat.java:264) Trying to create room on server conference.saros-con.imp.fu-berlin.de
DEBUG 2017-04-10 19:12:17,320 (OutgoingSessionNegotiation.java:284) OSN [remote side: tphecht@saros-con.imp.fu-berlin.de/Saros] : Saros versions are compatible
DEBUG 2017-04-10 19:12:17,321 (OutgoingSessionNegotiation.java:298) OSN [remote side: tphecht@saros-con.imp.fu-berlin.de/Saros] : sending invitation
DEBUG 2017-04-10 19:12:17,321 (OutgoingSessionNegotiation.java:314) OSN [remote side: tphecht@saros-con.imp.fu-berlin.de/Saros] : waiting for invitation acknowledgement
DEBUG 2017-04-10 19:12:17,382 (OutgoingSessionNegotiation.java:284) OSN [remote side: yli23797@saros-con.imp.fu-berlin.de/Saros] : Saros versions are compatible
DEBUG 2017-04-10 19:12:17,382 (OutgoingSessionNegotiation.java:298) OSN [remote side: yli23797@saros-con.imp.fu-berlin.de/Saros] : sending invitation
DEBUG 2017-04-10 19:12:17,383 (OutgoingSessionNegotiation.java:314) OSN [remote side: yli23797@saros-con.imp.fu-berlin.de/Saros] : waiting for invitation acknowledgement
DEBUG 2017-04-10 19:12:17,412 (MultiUserChat.java:310) Configuring room
DEBUG 2017-04-10 19:12:17,729 (OutgoingSessionNegotiation.java:325) OSN [remote side: tphecht@saros-con.imp.fu-berlin.de/Saros] : invitation acknowledged
DEBUG 2017-04-10 19:12:17,730 (OutgoingSessionNegotiation.java:334) OSN [remote side: tphecht@saros-con.imp.fu-berlin.de/Saros] : waiting for peer to accept the invitation
DEBUG 2017-04-10 19:12:18,169 (OutgoingSessionNegotiation.java:325) OSN [remote side: yli23797@saros-con.imp.fu-berlin.de/Saros] : invitation acknowledged
DEBUG 2017-04-10 19:12:18,169 (OutgoingSessionNegotiation.java:334) OSN [remote side: yli23797@saros-con.imp.fu-berlin.de/Saros] : waiting for peer to accept the invitation
DEBUG 2017-04-10 19:12:18,349 (MultiUserChat.java:297) MUC created and joined. Server: conference.saros-con.imp.fu-berlin.de Room: SAROS_1962994124 Password 323384784
DEBUG 2017-04-10 19:12:19,189 (MultiUserChatStateManager.java:101) Incoming Message from saros_1962994124@conference.saros-con.imp.fu-berlin.de/kurtisblaine@saros-con.imp.fu-berlin.de/Saros with state: active
DEBUG 2017-04-10 19:12:19,189 (MultiUserChat.java:79) stateChanged fired with state: active
DEBUG 2017-04-10 19:12:19,191 (MultiUserChat.java:133) processPacket called
DEBUG 2017-04-10 19:12:21,340 (OutgoingSessionNegotiation.java:345) OSN [remote side: tphecht@saros-con.imp.fu-berlin.de/Saros] : invitation accepted
DEBUG 2017-04-10 19:12:21,340 (OutgoingSessionNegotiation.java:355) OSN [remote side: tphecht@saros-con.imp.fu-berlin.de/Saros] : waiting for client's session parameters
DEBUG 2017-04-10 19:12:21,477 (OutgoingSessionNegotiation.java:375) OSN [remote side: tphecht@saros-con.imp.fu-berlin.de/Saros] : received client's session parameters
DEBUG 2017-04-10 19:12:21,618 (OutgoingSessionNegotiation.java:345) OSN [remote side: yli23797@saros-con.imp.fu-berlin.de/Saros] : invitation accepted
DEBUG 2017-04-10 19:12:21,619 (OutgoingSessionNegotiation.java:355) OSN [remote side: yli23797@saros-con.imp.fu-berlin.de/Saros] : waiting for client's session parameters
DEBUG 2017-04-10 19:12:21,620 (OutgoingSessionNegotiation.java:375) OSN [remote side: yli23797@saros-con.imp.fu-berlin.de/Saros] : received client's session parameters
DEBUG 2017-04-10 19:12:22,042 (WhiteboardManager.java:163) Detected  Whiteboard at tphecht@saros-con.imp.fu-berlin.de/Saros
DEBUG 2017-04-10 19:12:22,042 (OutgoingSessionNegotiation.java:427) OSN [remote side: tphecht@saros-con.imp.fu-berlin.de/Saros] : sending updated session negotiation data
DEBUG 2017-04-10 19:12:22,043 (OutgoingSessionNegotiation.java:434) OSN [remote side: tphecht@saros-con.imp.fu-berlin.de/Saros] : sent updated session negotiation data
DEBUG 2017-04-10 19:12:22,043 (OutgoingSessionNegotiation.java:444) OSN [remote side: tphecht@saros-con.imp.fu-berlin.de/Saros] : waiting for remote side to start its Saros session
DEBUG 2017-04-10 19:12:22,222 (WhiteboardManager.java:163) Detected  Whiteboard at yli23797@saros-con.imp.fu-berlin.de/Saros
DEBUG 2017-04-10 19:12:22,222 (OutgoingSessionNegotiation.java:427) OSN [remote side: yli23797@saros-con.imp.fu-berlin.de/Saros] : sending updated session negotiation data
DEBUG 2017-04-10 19:12:22,222 (OutgoingSessionNegotiation.java:434) OSN [remote side: yli23797@saros-con.imp.fu-berlin.de/Saros] : sent updated session negotiation data
DEBUG 2017-04-10 19:12:22,223 (OutgoingSessionNegotiation.java:444) OSN [remote side: yli23797@saros-con.imp.fu-berlin.de/Saros] : waiting for remote side to start its Saros session
DEBUG 2017-04-10 19:12:25,027 (ByteStreamTransport.java:72) received request to establish a  bytestream connection to tphecht@saros-con.imp.fu-berlin.de/Saros [de.fu_berlin.inf.dpp.net.internal.ByteStreamTransport$1@57f555a]
DEBUG 2017-04-10 19:12:25,028 (Socks5Transport.java:368) [SOCKS5Transport] receiving request from tphecht@saros-con.imp.fu-berlin.de/Saroswith local SOCKS5 proxy running [port=7777, configured streamhosts=[192.168.0.14, fe80:0:0:0:c9d5:2d77:c9db:5d8f%utun1, fdea:e86a:2f6e:c33d:48c3:b8cf:f9db:419b, fe80:0:0:0:48c3:b8cf:f9db:419b%utun0, fe80:0:0:0:64e5:97ff:fe7e:79e0%awdl0, 2001:48f8:2c:1372:0:0:0:5, 2001:48f8:2c:1372:2051:eabb:de67:31b4, 2001:48f8:2c:1372:8b1:cf3d:ea40:598a, fe80:0:0:0:144e:c2d1:1401:b49d%en0]]
DEBUG 2017-04-10 19:12:25,029 (Socks5Transport.java:624) [SOCKS5Transport] Start to establish new response connection
DEBUG 2017-04-10 19:12:25,036 (ByteStreamTransport.java:72) received request to establish a  bytestream connection to yli23797@saros-con.imp.fu-berlin.de/Saros [de.fu_berlin.inf.dpp.net.internal.ByteStreamTransport$1@57f555a]
DEBUG 2017-04-10 19:12:25,036 (Socks5Transport.java:368) [SOCKS5Transport] receiving request from yli23797@saros-con.imp.fu-berlin.de/Saroswith local SOCKS5 proxy running [port=7777, configured streamhosts=[192.168.0.14, fe80:0:0:0:c9d5:2d77:c9db:5d8f%utun1, fdea:e86a:2f6e:c33d:48c3:b8cf:f9db:419b, fe80:0:0:0:48c3:b8cf:f9db:419b%utun0, fe80:0:0:0:64e5:97ff:fe7e:79e0%awdl0, 2001:48f8:2c:1372:0:0:0:5, 2001:48f8:2c:1372:2051:eabb:de67:31b4, 2001:48f8:2c:1372:8b1:cf3d:ea40:598a, fe80:0:0:0:144e:c2d1:1401:b49d%en0]]
DEBUG 2017-04-10 19:12:25,038 (Socks5Transport.java:624) [SOCKS5Transport] Start to establish new response connection
WARN  2017-04-10 19:12:27,898 (Socks5Transport.java:411) [SOCKS5Transport] Couldn't accept request but still trying to establish a response connection: Could not establish socket with any provided host
WARN  2017-04-10 19:12:28,377 (Socks5Transport.java:411) [SOCKS5Transport] Couldn't accept request but still trying to establish a response connection: Could not establish socket with any provided host
ERROR 2017-04-10 19:12:39,055 (Socks5Transport.java:440) An error occurred while establishing a response connection 
item-not-found(404) Could not establish socket with any provided host
	at org.jivesoftware.smack.util.SyncPacketSend.getReply(SyncPacketSend.java:54)
	at org.jivesoftware.smackx.bytestreams.socks5.Socks5BytestreamManager.establishSession(Socks5BytestreamManager.java:481)
	at org.jivesoftware.smackx.bytestreams.socks5.Socks5BytestreamManager.establishSession(Socks5BytestreamManager.java:83)
	at de.fu_berlin.inf.dpp.net.internal.Socks5Transport.establishResponseSession(Socks5Transport.java:631)
	at de.fu_berlin.inf.dpp.net.internal.Socks5Transport$1.call(Socks5Transport.java:108)
	at de.fu_berlin.inf.dpp.net.internal.Socks5Transport$1.call(Socks5Transport.java:1)
	at java.util.concurrent.FutureTask.run(FutureTask.java:266)
	at java.util.concurrent.ThreadPoolExecutor.runWorker(ThreadPoolExecutor.java:1142)
	at java.util.concurrent.ThreadPoolExecutor$Worker.run(ThreadPoolExecutor.java:617)
	at java.lang.Thread.run(Thread.java:745)
ERROR 2017-04-10 19:12:39,076 (ByteStreamTransport.java:105) could not establish bytestream connection to tphecht@saros-con.imp.fu-berlin.de/Saros
java.io.IOException: [SOCKS5Transport] Neither connection could be established. 
	at de.fu_berlin.inf.dpp.net.internal.Socks5Transport.acceptNewRequest(Socks5Transport.java:446)
	at de.fu_berlin.inf.dpp.net.internal.Socks5Transport.acceptRequest(Socks5Transport.java:474)
	at de.fu_berlin.inf.dpp.net.internal.ByteStreamTransport$1.incomingBytestreamRequest(ByteStreamTransport.java:77)
	at org.jivesoftware.smackx.bytestreams.socks5.InitiationListener.processRequest(InitiationListener.java:91)
	at org.jivesoftware.smackx.bytestreams.socks5.InitiationListener.access$000(InitiationListener.java:37)
	at org.jivesoftware.smackx.bytestreams.socks5.InitiationListener$1.run(InitiationListener.java:63)
	at java.util.concurrent.ThreadPoolExecutor.runWorker(ThreadPoolExecutor.java:1142)
	at java.util.concurrent.ThreadPoolExecutor$Worker.run(ThreadPoolExecutor.java:617)
	at java.lang.Thread.run(Thread.java:745)
ERROR 2017-04-10 19:12:40,078 (Socks5Transport.java:440) An error occurred while establishing a response connection 
item-not-found(404) Could not establish socket with any provided host
	at org.jivesoftware.smack.util.SyncPacketSend.getReply(SyncPacketSend.java:54)
	at org.jivesoftware.smackx.bytestreams.socks5.Socks5BytestreamManager.establishSession(Socks5BytestreamManager.java:481)
	at org.jivesoftware.smackx.bytestreams.socks5.Socks5BytestreamManager.establishSession(Socks5BytestreamManager.java:83)
	at de.fu_berlin.inf.dpp.net.internal.Socks5Transport.establishResponseSession(Socks5Transport.java:631)
	at de.fu_berlin.inf.dpp.net.internal.Socks5Transport$1.call(Socks5Transport.java:108)
	at de.fu_berlin.inf.dpp.net.internal.Socks5Transport$1.call(Socks5Transport.java:1)
	at java.util.concurrent.FutureTask.run(FutureTask.java:266)
	at java.util.concurrent.ThreadPoolExecutor.runWorker(ThreadPoolExecutor.java:1142)
	at java.util.concurrent.ThreadPoolExecutor$Worker.run(ThreadPoolExecutor.java:617)
	at java.lang.Thread.run(Thread.java:745)
ERROR 2017-04-10 19:12:40,080 (ByteStreamTransport.java:105) could not establish bytestream connection to yli23797@saros-con.imp.fu-berlin.de/Saros
java.io.IOException: [SOCKS5Transport] Neither connection could be established. 
	at de.fu_berlin.inf.dpp.net.internal.Socks5Transport.acceptNewRequest(Socks5Transport.java:446)
	at de.fu_berlin.inf.dpp.net.internal.Socks5Transport.acceptRequest(Socks5Transport.java:474)
	at de.fu_berlin.inf.dpp.net.internal.ByteStreamTransport$1.incomingBytestreamRequest(ByteStreamTransport.java:77)
	at org.jivesoftware.smackx.bytestreams.socks5.InitiationListener.processRequest(InitiationListener.java:91)
	at org.jivesoftware.smackx.bytestreams.socks5.InitiationListener.access$000(InitiationListener.java:37)
	at org.jivesoftware.smackx.bytestreams.socks5.InitiationListener$1.run(InitiationListener.java:63)
	at java.util.concurrent.ThreadPoolExecutor.runWorker(ThreadPoolExecutor.java:1142)
	at java.util.concurrent.ThreadPoolExecutor$Worker.run(ThreadPoolExecutor.java:617)
	at java.lang.Thread.run(Thread.java:745)
DEBUG 2017-04-10 19:13:00,165 (ByteStreamTransport.java:72) received request to establish a  bytestream connection to tphecht@saros-con.imp.fu-berlin.de/Saros [de.fu_berlin.inf.dpp.net.internal.ByteStreamTransport$1@2b0fb5c]
DEBUG 2017-04-10 19:13:00,174 (DataTransferManager.java:136) bytestream connection changed [mode=IBB, id=saros-main-session] tphecht@saros-con.imp.fu-berlin.de/Saros, inc=true, pool id=saros-main-session:in:tphecht@saros-con.imp.fu-berlin.de/Saros]
DEBUG 2017-04-10 19:13:00,175 (BinaryChannelConnection.java:103) [mode=IBB, id=saros-main-session] tphecht@saros-con.imp.fu-berlin.de/Saros ReceiverThread started.
DEBUG 2017-04-10 19:13:01,005 (MultiUserChatStateManager.java:101) Incoming Message from saros_1962994124@conference.saros-con.imp.fu-berlin.de/tphecht@saros-con.imp.fu-berlin.de/Saros with state: active
DEBUG 2017-04-10 19:13:01,005 (MultiUserChat.java:79) stateChanged fired with state: active
DEBUG 2017-04-10 19:13:01,006 (MultiUserChat.java:133) processPacket called
DEBUG 2017-04-10 19:13:01,428 (ByteStreamTransport.java:72) received request to establish a  bytestream connection to yli23797@saros-con.imp.fu-berlin.de/Saros [de.fu_berlin.inf.dpp.net.internal.ByteStreamTransport$1@2b0fb5c]
DEBUG 2017-04-10 19:13:01,428 (DataTransferManager.java:136) bytestream connection changed [mode=IBB, id=saros-main-session] yli23797@saros-con.imp.fu-berlin.de/Saros, inc=true, pool id=saros-main-session:in:yli23797@saros-con.imp.fu-berlin.de/Saros]
DEBUG 2017-04-10 19:13:01,429 (BinaryChannelConnection.java:103) [mode=IBB, id=saros-main-session] yli23797@saros-con.imp.fu-berlin.de/Saros ReceiverThread started.
DEBUG 2017-04-10 19:13:01,499 (OutgoingSessionNegotiation.java:455) OSN [remote side: tphecht@saros-con.imp.fu-berlin.de/Saros] : remote side started its Saros session
DEBUG 2017-04-10 19:13:01,500 (OutgoingSessionNegotiation.java:472) OSN [remote side: tphecht@saros-con.imp.fu-berlin.de/Saros] : synchronizing user list
DEBUG 2017-04-10 19:13:01,500 (UserInformationHandler.java:152) synchronizing user list (A)[kurtisblaine@saros-con.imp.fu-berlin.de/Saros, tphecht@saros-con.imp.fu-berlin.de/Saros], (R) [] with user(s) [tphecht@saros-con.imp.fu-berlin.de/Saros]
DEBUG 2017-04-10 19:13:02,367 (MultiUserChat.java:133) processPacket called
DEBUG 2017-04-10 19:13:02,367 (MultiUserChatStateManager.java:101) Incoming Message from saros_1962994124@conference.saros-con.imp.fu-berlin.de/yli23797@saros-con.imp.fu-berlin.de/Saros with state: active
DEBUG 2017-04-10 19:13:02,368 (MultiUserChat.java:79) stateChanged fired with state: active
DEBUG 2017-04-10 19:13:02,967 (OutgoingSessionNegotiation.java:455) OSN [remote side: yli23797@saros-con.imp.fu-berlin.de/Saros] : remote side started its Saros session
DEBUG 2017-04-10 19:13:02,967 (OutgoingSessionNegotiation.java:472) OSN [remote side: yli23797@saros-con.imp.fu-berlin.de/Saros] : synchronizing user list
DEBUG 2017-04-10 19:13:03,493 (UserInformationHandler.java:204) received user list confirmation from: tphecht@saros-con.imp.fu-berlin.de/Saros
DEBUG 2017-04-10 19:13:03,493 (UserInformationHandler.java:211) synchronized user list with user(s) [tphecht@saros-con.imp.fu-berlin.de/Saros]
DEBUG 2017-04-10 19:13:03,494 (ChangeColorManager.java:290) reassigning color IDs for the current session users
DEBUG 2017-04-10 19:13:03,496 (ChangeColorManager.java:324) color conflict resolve result = NO CONFLICT
DEBUG 2017-04-10 19:13:03,496 (ChangeColorManager.java:383) new color assignment: {kurtisblaine@saros-con.imp.fu-berlin.de/Saros=3, tphecht@saros-con.imp.fu-berlin.de/Saros=2}
DEBUG 2017-04-10 19:13:03,497 (ChangeColorManager.java:634) updating color id set: [kurtisblaine@saros-con.imp.fu-berlin.de, tphecht@saros-con.imp.fu-berlin.de]
INFO  2017-04-10 19:13:03,501 (ParticipantCollector.java:67) tphecht@saros-con.imp.fu-berlin.de/Saros joined - session now contains 2 users
DEBUG 2017-04-10 19:13:03,502 (ActivitySequencer.java:496) send (001) tphecht@saros-con.imp.fu-berlin.de/Saros
INFO  2017-04-10 19:13:03,503 (SarosSession.java:456) user tphecht@saros-con.imp.fu-berlin.de/Saros joined session
DEBUG 2017-04-10 19:13:03,503 (OutgoingSessionNegotiation.java:482) OSN [remote side: tphecht@saros-con.imp.fu-berlin.de/Saros] : added tphecht@saros-con.imp.fu-berlin.de/Saros to the current session, colorID: 2
DEBUG 2017-04-10 19:13:04,668 (OutgoingSessionNegotiation.java:501) OSN [remote side: tphecht@saros-con.imp.fu-berlin.de/Saros] : session negotiation finished
DEBUG 2017-04-10 19:13:04,668 (UserInformationHandler.java:152) synchronizing user list (A)[yli23797@saros-con.imp.fu-berlin.de/Saros, kurtisblaine@saros-con.imp.fu-berlin.de/Saros, tphecht@saros-con.imp.fu-berlin.de/Saros], (R) [] with user(s) [yli23797@saros-con.imp.fu-berlin.de/Saros, tphecht@saros-con.imp.fu-berlin.de/Saros]
DEBUG 2017-04-10 19:13:04,671 (WhiteboardManager.java:89) Preparing Whiteboard for sending an invitation
DEBUG 2017-04-10 19:13:04,684 (ColorUtils.java:21) set foregroundcolor RGB {237, 237, 169}
DEBUG 2017-04-10 19:13:04,689 (SXEController.java:120) SXE (5451): initialize session at inviter side
DEBUG 2017-04-10 19:13:04,692 (SXEOutgoingSynchronizationProcess.java:51) SXE(5451)  send state-offer to tphecht@saros-con.imp.fu-berlin.de/Saros
DEBUG 2017-04-10 19:13:04,694 (SarosSXETransmitter.java:151) SXE send state-offer to tphecht@saros-con.imp.fu-berlin.de/Saros waiting for [accept-state, refuse-state]
INFO  2017-04-10 19:13:04,773 (DataTransferManager.java:409) establishing connection to tphecht@saros-con.imp.fu-berlin.de/Saros from kurtisblaine@saros-con.imp.fu-berlin.de/Saros using transport XMPP-Socks5-Transport
DEBUG 2017-04-10 19:13:04,773 (ByteStreamTransport.java:45) establishing bytestream connection to tphecht@saros-con.imp.fu-berlin.de/Saros
DEBUG 2017-04-10 19:13:04,773 (Socks5Transport.java:493) [SOCKS5Transport] establishing connection to tphecht@saros-con.imp.fu-berlin.de/Saroswith local SOCKS5 proxy running [port=7777, configured streamhosts=[192.168.0.14, fe80:0:0:0:c9d5:2d77:c9db:5d8f%utun1, fdea:e86a:2f6e:c33d:48c3:b8cf:f9db:419b, fe80:0:0:0:48c3:b8cf:f9db:419b%utun0, fe80:0:0:0:64e5:97ff:fe7e:79e0%awdl0, 2001:48f8:2c:1372:0:0:0:5, 2001:48f8:2c:1372:2051:eabb:de67:31b4, 2001:48f8:2c:1372:8b1:cf3d:ea40:598a, fe80:0:0:0:144e:c2d1:1401:b49d%en0]]...
DEBUG 2017-04-10 19:13:07,213 (ActivitySequencer.java:496) send (001) tphecht@saros-con.imp.fu-berlin.de/Saros
DEBUG 2017-04-10 19:13:08,464 (ByteStreamTransport.java:72) received request to establish a  bytestream connection to tphecht@saros-con.imp.fu-berlin.de/Saros [de.fu_berlin.inf.dpp.net.internal.ByteStreamTransport$1@57f555a]
DEBUG 2017-04-10 19:13:08,465 (Socks5Transport.java:311) [SOCKS5Transport] receiving response connection from tphecht@saros-con.imp.fu-berlin.de/Saroswith local SOCKS5 proxy running [port=7777, configured streamhosts=[192.168.0.14, fe80:0:0:0:c9d5:2d77:c9db:5d8f%utun1, fdea:e86a:2f6e:c33d:48c3:b8cf:f9db:419b, fe80:0:0:0:48c3:b8cf:f9db:419b%utun0, fe80:0:0:0:64e5:97ff:fe7e:79e0%awdl0, 2001:48f8:2c:1372:0:0:0:5, 2001:48f8:2c:1372:2051:eabb:de67:31b4, 2001:48f8:2c:1372:8b1:cf3d:ea40:598a, fe80:0:0:0:144e:c2d1:1401:b49d%en0]]
DEBUG 2017-04-10 19:13:09,364 (UserInformationHandler.java:204) received user list confirmation from: yli23797@saros-con.imp.fu-berlin.de/Saros
DEBUG 2017-04-10 19:13:10,127 (UserInformationHandler.java:204) received user list confirmation from: tphecht@saros-con.imp.fu-berlin.de/Saros
DEBUG 2017-04-10 19:13:10,128 (UserInformationHandler.java:211) synchronized user list with user(s) [yli23797@saros-con.imp.fu-berlin.de/Saros, tphecht@saros-con.imp.fu-berlin.de/Saros]
DEBUG 2017-04-10 19:13:10,129 (ChangeColorManager.java:290) reassigning color IDs for the current session users
DEBUG 2017-04-10 19:13:10,130 (ChangeColorManager.java:324) color conflict resolve result = NO CONFLICT
DEBUG 2017-04-10 19:13:10,131 (ChangeColorManager.java:383) new color assignment: {kurtisblaine@saros-con.imp.fu-berlin.de/Saros=3, tphecht@saros-con.imp.fu-berlin.de/Saros=2, yli23797@saros-con.imp.fu-berlin.de/Saros=4}
DEBUG 2017-04-10 19:13:10,131 (ChangeColorManager.java:634) updating color id set: [yli23797@saros-con.imp.fu-berlin.de, kurtisblaine@saros-con.imp.fu-berlin.de, tphecht@saros-con.imp.fu-berlin.de]
INFO  2017-04-10 19:13:10,133 (ParticipantCollector.java:67) yli23797@saros-con.imp.fu-berlin.de/Saros joined - session now contains 3 users
INFO  2017-04-10 19:13:10,134 (SarosSession.java:456) user yli23797@saros-con.imp.fu-berlin.de/Saros joined session
DEBUG 2017-04-10 19:13:10,134 (OutgoingSessionNegotiation.java:482) OSN [remote side: yli23797@saros-con.imp.fu-berlin.de/Saros] : added yli23797@saros-con.imp.fu-berlin.de/Saros to the current session, colorID: 4
DEBUG 2017-04-10 19:13:10,432 (ActivitySequencer.java:496) send (003) yli23797@saros-con.imp.fu-berlin.de/Saros
ERROR 2017-04-10 19:13:11,333 (ByteStreamTransport.java:105) could not establish bytestream connection to tphecht@saros-con.imp.fu-berlin.de/Saros
Could not establish socket with any provided host: item-not-found(404) Could not establish socket with any provided host
	at org.jivesoftware.smackx.bytestreams.socks5.Socks5BytestreamRequest.cancelRequest(Socks5BytestreamRequest.java:277)
	at org.jivesoftware.smackx.bytestreams.socks5.Socks5BytestreamRequest.accept(Socks5BytestreamRequest.java:247)
	at org.jivesoftware.smackx.bytestreams.socks5.Socks5BytestreamRequest.accept(Socks5BytestreamRequest.java:34)
	at de.fu_berlin.inf.dpp.net.internal.Socks5Transport.handleResponse(Socks5Transport.java:315)
	at de.fu_berlin.inf.dpp.net.internal.Socks5Transport.acceptRequest(Socks5Transport.java:471)
	at de.fu_berlin.inf.dpp.net.internal.ByteStreamTransport$1.incomingBytestreamRequest(ByteStreamTransport.java:77)
	at org.jivesoftware.smackx.bytestreams.socks5.InitiationListener.processRequest(InitiationListener.java:91)
	at org.jivesoftware.smackx.bytestreams.socks5.InitiationListener.access$000(InitiationListener.java:37)
	at org.jivesoftware.smackx.bytestreams.socks5.InitiationListener$1.run(InitiationListener.java:63)
	at java.util.concurrent.ThreadPoolExecutor.runWorker(ThreadPoolExecutor.java:1142)
	at java.util.concurrent.ThreadPoolExecutor$Worker.run(ThreadPoolExecutor.java:617)
	at java.lang.Thread.run(Thread.java:745)
DEBUG 2017-04-10 19:13:11,648 (OutgoingSessionNegotiation.java:501) OSN [remote side: yli23797@saros-con.imp.fu-berlin.de/Saros] : session negotiation finished
DEBUG 2017-04-10 19:13:13,750 (ActivitySequencer.java:496) send (003) tphecht@saros-con.imp.fu-berlin.de/Saros
WARN  2017-04-10 19:13:17,042 (Socks5Transport.java:544) [SOCKS5Transport] could not establish a connection to tphecht@saros-con.imp.fu-berlin.de/Saros, remote side could not connect to any offered stream hosts: item-not-found(404) Could not establish socket with any provided host
DEBUG 2017-04-10 19:13:17,043 (Socks5Transport.java:567) [SOCKS5Transport] waiting for tphecht@saros-con.imp.fu-berlin.de/Saros to establish a connection...
WARN  2017-04-10 19:13:47,046 (DataTransferManager.java:415) failed to connect to tphecht@saros-con.imp.fu-berlin.de/Saros using transport: XMPP-Socks5-Transport
java.io.IOException: [SOCKS5Transport] waiting for a response session timed out (30000ms) and could not establish a connection from this side, too:
	at de.fu_berlin.inf.dpp.net.internal.Socks5Transport.establishBinaryChannel(Socks5Transport.java:592)
	at de.fu_berlin.inf.dpp.net.internal.ByteStreamTransport.connect(ByteStreamTransport.java:48)
	at de.fu_berlin.inf.dpp.net.internal.DataTransferManager.connectInternal(DataTransferManager.java:412)
	at de.fu_berlin.inf.dpp.net.internal.DataTransferManager.sendData(DataTransferManager.java:242)
	at de.fu_berlin.inf.dpp.net.internal.XMPPTransmitter.send(XMPPTransmitter.java:88)
	at de.fu_berlin.inf.dpp.net.internal.XMPPTransmitter.send(XMPPTransmitter.java:64)
	at de.fu_berlin.inf.dpp.whiteboard.net.SarosSXETransmitter.sendWithoutDispatch(SarosSXETransmitter.java:137)
	at de.fu_berlin.inf.dpp.whiteboard.net.SarosSXETransmitter.sendAndAwait(SarosSXETransmitter.java:162)
	at de.fu_berlin.inf.dpp.whiteboard.sxe.net.SXEOutgoingSynchronizationProcess.start(SXEOutgoingSynchronizationProcess.java:58)
	at de.fu_berlin.inf.dpp.whiteboard.net.WhiteboardManager$1.postOutgoingInvitationCompleted(WhiteboardManager.java:96)
	at de.fu_berlin.inf.dpp.project.SarosSessionManager.postOutgoingInvitationCompleted(SarosSessionManager.java:667)
	at de.fu_berlin.inf.dpp.negotiation.OutgoingSessionNegotiation.start(OutgoingSessionNegotiation.java:202)
	at de.fu_berlin.inf.dpp.ui.eventhandler.NegotiationHandler$OutgoingInvitationJob.run(NegotiationHandler.java:86)
	at org.eclipse.core.internal.jobs.Worker.run(Worker.java:55)
Caused by: item-not-found(404) Could not establish socket with any provided host
	at org.jivesoftware.smack.util.SyncPacketSend.getReply(SyncPacketSend.java:54)
	at org.jivesoftware.smackx.bytestreams.socks5.Socks5BytestreamManager.establishSession(Socks5BytestreamManager.java:481)
	at org.jivesoftware.smackx.bytestreams.socks5.Socks5BytestreamManager.establishSession(Socks5BytestreamManager.java:83)
	at de.fu_berlin.inf.dpp.net.internal.Socks5Transport.establishBinaryChannel(Socks5Transport.java:512)
	... 13 more
INFO  2017-04-10 19:13:47,047 (DataTransferManager.java:409) establishing connection to tphecht@saros-con.imp.fu-berlin.de/Saros from kurtisblaine@saros-con.imp.fu-berlin.de/Saros using transport XMPP-IBB-Transport
DEBUG 2017-04-10 19:13:47,047 (ByteStreamTransport.java:45) establishing bytestream connection to tphecht@saros-con.imp.fu-berlin.de/Saros
DEBUG 2017-04-10 19:13:47,663 (DataTransferManager.java:136) bytestream connection changed [mode=IBB, id=default] tphecht@saros-con.imp.fu-berlin.de/Saros, inc=false, pool id=default:out:tphecht@saros-con.imp.fu-berlin.de/Saros]
DEBUG 2017-04-10 19:13:47,664 (BinaryChannelConnection.java:103) [mode=IBB, id=default] tphecht@saros-con.imp.fu-berlin.de/Saros ReceiverThread started.
DEBUG 2017-04-10 19:13:51,449 (SXEOutgoingSynchronizationProcess.java:70) SXE(5451) tphecht@saros-con.imp.fu-berlin.de/Saros accepted state-offer
DEBUG 2017-04-10 19:13:51,452 (SXEOutgoingSynchronizationProcess.java:89) SXE(5451) Sending state to tphecht@saros-con.imp.fu-berlin.de/Saros
DEBUG 2017-04-10 19:13:51,452 (SXEOutgoingSynchronizationProcess.java:91) Send message: de.fu_berlin.inf.dpp.whiteboard.sxe.net.SXEMessage@5923e224: from: null, to: tphecht@saros-con.imp.fu-berlin.de/Saros, msgId: 1messageTyp: statemessage: [new type=element rid=149186926935633430 name=svg ns=http://www.w3.org/2000/svg version=0 visible=true, ]
DEBUG 2017-04-10 19:13:51,453 (SXEOutgoingSynchronizationProcess.java:51) SXE(5451)  send state-offer to yli23797@saros-con.imp.fu-berlin.de/Saros
DEBUG 2017-04-10 19:13:51,454 (SarosSXETransmitter.java:151) SXE send state-offer to yli23797@saros-con.imp.fu-berlin.de/Saros waiting for [accept-state, refuse-state]
DEBUG 2017-04-10 19:13:51,455 (CancelableProcess.java:353) process OSN [remote side: tphecht@saros-con.imp.fu-berlin.de/Saros] exit status: OK
INFO  2017-04-10 19:13:51,458 (DataTransferManager.java:409) establishing connection to yli23797@saros-con.imp.fu-berlin.de/Saros from kurtisblaine@saros-con.imp.fu-berlin.de/Saros using transport XMPP-Socks5-Transport
DEBUG 2017-04-10 19:13:51,458 (ByteStreamTransport.java:45) establishing bytestream connection to yli23797@saros-con.imp.fu-berlin.de/Saros
DEBUG 2017-04-10 19:13:51,458 (Socks5Transport.java:493) [SOCKS5Transport] establishing connection to yli23797@saros-con.imp.fu-berlin.de/Saroswith local SOCKS5 proxy running [port=7777, configured streamhosts=[192.168.0.14, fe80:0:0:0:c9d5:2d77:c9db:5d8f%utun1, fdea:e86a:2f6e:c33d:48c3:b8cf:f9db:419b, fe80:0:0:0:48c3:b8cf:f9db:419b%utun0, fe80:0:0:0:64e5:97ff:fe7e:79e0%awdl0, 2001:48f8:2c:1372:0:0:0:5, 2001:48f8:2c:1372:2051:eabb:de67:31b4, 2001:48f8:2c:1372:8b1:cf3d:ea40:598a, fe80:0:0:0:144e:c2d1:1401:b49d%en0]]...
INFO  2017-04-10 19:13:51,461 (ProjectNegotiationObservable.java:51) This is ProjectNegotiation number 1 in this session. There are 0 process(es) in this session
DEBUG 2017-04-10 19:13:51,842 (OutgoingProjectNegotiation.java:181) OPN [remote side: tphecht@saros-con.imp.fu-berlin.de/Saros] : sending file list
DEBUG 2017-04-10 19:13:55,245 (OutgoingProjectNegotiation.java:214) OPN [remote side: tphecht@saros-con.imp.fu-berlin.de/Saros] : waiting for remote file list
DEBUG 2017-04-10 19:13:56,684 (ByteStreamTransport.java:72) received request to establish a  bytestream connection to yli23797@saros-con.imp.fu-berlin.de/Saros [de.fu_berlin.inf.dpp.net.internal.ByteStreamTransport$1@57f555a]
DEBUG 2017-04-10 19:13:56,685 (Socks5Transport.java:311) [SOCKS5Transport] receiving response connection from yli23797@saros-con.imp.fu-berlin.de/Saroswith local SOCKS5 proxy running [port=7777, configured streamhosts=[192.168.0.14, fe80:0:0:0:c9d5:2d77:c9db:5d8f%utun1, fdea:e86a:2f6e:c33d:48c3:b8cf:f9db:419b, fe80:0:0:0:48c3:b8cf:f9db:419b%utun0, fe80:0:0:0:64e5:97ff:fe7e:79e0%awdl0, 2001:48f8:2c:1372:0:0:0:5, 2001:48f8:2c:1372:2051:eabb:de67:31b4, 2001:48f8:2c:1372:8b1:cf3d:ea40:598a, fe80:0:0:0:144e:c2d1:1401:b49d%en0]]
ERROR 2017-04-10 19:14:00,026 (ByteStreamTransport.java:105) could not establish bytestream connection to yli23797@saros-con.imp.fu-berlin.de/Saros
Could not establish socket with any provided host: item-not-found(404) Could not establish socket with any provided host
	at org.jivesoftware.smackx.bytestreams.socks5.Socks5BytestreamRequest.cancelRequest(Socks5BytestreamRequest.java:277)
	at org.jivesoftware.smackx.bytestreams.socks5.Socks5BytestreamRequest.accept(Socks5BytestreamRequest.java:247)
	at org.jivesoftware.smackx.bytestreams.socks5.Socks5BytestreamRequest.accept(Socks5BytestreamRequest.java:34)
	at de.fu_berlin.inf.dpp.net.internal.Socks5Transport.handleResponse(Socks5Transport.java:315)
	at de.fu_berlin.inf.dpp.net.internal.Socks5Transport.acceptRequest(Socks5Transport.java:471)
	at de.fu_berlin.inf.dpp.net.internal.ByteStreamTransport$1.incomingBytestreamRequest(ByteStreamTransport.java:77)
	at org.jivesoftware.smackx.bytestreams.socks5.InitiationListener.processRequest(InitiationListener.java:91)
	at org.jivesoftware.smackx.bytestreams.socks5.InitiationListener.access$000(InitiationListener.java:37)
	at org.jivesoftware.smackx.bytestreams.socks5.InitiationListener$1.run(InitiationListener.java:63)
	at java.util.concurrent.ThreadPoolExecutor.runWorker(ThreadPoolExecutor.java:1142)
	at java.util.concurrent.ThreadPoolExecutor$Worker.run(ThreadPoolExecutor.java:617)
	at java.lang.Thread.run(Thread.java:745)
WARN  2017-04-10 19:14:06,276 (Socks5Transport.java:544) [SOCKS5Transport] could not establish a connection to yli23797@saros-con.imp.fu-berlin.de/Saros, remote side could not connect to any offered stream hosts: item-not-found(404) Could not establish socket with any provided host
DEBUG 2017-04-10 19:14:06,277 (Socks5Transport.java:567) [SOCKS5Transport] waiting for yli23797@saros-con.imp.fu-berlin.de/Saros to establish a connection...
DEBUG 2017-04-10 19:14:07,262 (OutgoingProjectNegotiation.java:232) OPN [remote side: tphecht@saros-con.imp.fu-berlin.de/Saros] : remote file list has been received
DEBUG 2017-04-10 19:14:07,263 (OutgoingProjectNegotiation.java:270) OPN [remote side: tphecht@saros-con.imp.fu-berlin.de/Saros] : stopping users [yli23797@saros-con.imp.fu-berlin.de/Saros, kurtisblaine@saros-con.imp.fu-berlin.de/Saros, tphecht@saros-con.imp.fu-berlin.de/Saros]
DEBUG 2017-04-10 19:14:07,315 (ActivitySequencer.java:496) send (001) yli23797@saros-con.imp.fu-berlin.de/Saros
DEBUG 2017-04-10 19:14:07,316 (EditorManager.java:1697) locking all editors
DEBUG 2017-04-10 19:14:07,316 (StopManager.java:239) added StartHandle (kurtisblaine@saros-con.imp.fu-berlin.de/Saros, 1914072647661771824065452857, startable) to resulting handles.
DEBUG 2017-04-10 19:14:08,353 (ActivitySequencer.java:546) rcvd (001) yli23797@saros-con.imp.fu-berlin.de/Saros
DEBUG 2017-04-10 19:14:08,354 (FollowingActivitiesManager.java:66) received new follow mode from: yli23797@saros-con.imp.fu-berlin.de/Saros , followed: tphecht@saros-con.imp.fu-berlin.de/Saros
DEBUG 2017-04-10 19:14:08,626 (ActivitySequencer.java:496) send (002) tphecht@saros-con.imp.fu-berlin.de/Saros
DEBUG 2017-04-10 19:14:09,184 (ActivitySequencer.java:546) rcvd (001) yli23797@saros-con.imp.fu-berlin.de/Saros
DEBUG 2017-04-10 19:14:09,185 (StopManager.java:390) Acknowledgment arrived yli23797@saros-con.imp.fu-berlin.de/Saros
DEBUG 2017-04-10 19:14:09,185 (StopManager.java:239) added StartHandle (yli23797@saros-con.imp.fu-berlin.de/Saros, 1914072647344173747059144825, startable) to resulting handles.
DEBUG 2017-04-10 19:14:10,144 (ActivitySequencer.java:546) rcvd (001) tphecht@saros-con.imp.fu-berlin.de/Saros
DEBUG 2017-04-10 19:14:10,145 (StopManager.java:390) Acknowledgment arrived tphecht@saros-con.imp.fu-berlin.de/Saros
DEBUG 2017-04-10 19:14:10,145 (StopManager.java:239) added StartHandle (tphecht@saros-con.imp.fu-berlin.de/Saros, 191407264-5587638714995096707, startable) to resulting handles.
DEBUG 2017-04-10 19:14:10,403 (ActivitySequencer.java:546) rcvd (001) yli23797@saros-con.imp.fu-berlin.de/Saros
DEBUG 2017-04-10 19:14:10,403 (ActivitySequencer.java:496) send (001) tphecht@saros-con.imp.fu-berlin.de/Saros
DEBUG 2017-04-10 19:14:10,404 (FollowingActivitiesManager.java:78) user yli23797@saros-con.imp.fu-berlin.de/Saros stopped follow mode
DEBUG 2017-04-10 19:14:11,416 (ActivitySequencer.java:546) rcvd (001) yli23797@saros-con.imp.fu-berlin.de/Saros
DEBUG 2017-04-10 19:14:11,417 (FollowingActivitiesManager.java:66) received new follow mode from: yli23797@saros-con.imp.fu-berlin.de/Saros , followed: kurtisblaine@saros-con.imp.fu-berlin.de/Saros
DEBUG 2017-04-10 19:14:15,587 (ActivitySequencer.java:496) send (001) tphecht@saros-con.imp.fu-berlin.de/Saros
INFO  2017-04-10 19:14:16,030 (SarosSession.java:462) user tphecht@saros-con.imp.fu-berlin.de/Saros started queuing projects and can receive IResourceActivities
DEBUG 2017-04-10 19:14:16,050 (OutgoingProjectNegotiation.java:353) OPN [remote side: tphecht@saros-con.imp.fu-berlin.de/Saros] : creating archive
DEBUG 2017-04-10 19:14:16,124 (CreateArchiveTask.java:140) created archive /var/folders/nz/357rvfzs2qs79x3gbw1gytq00000gn/T/saros_-1892132034505104843415474358629882554.zip I/O: [1.7 MB in < 1 s at 24.8 MB/s]
DEBUG 2017-04-10 19:14:16,124 (OutgoingProjectNegotiation.java:288) OPN [remote side: tphecht@saros-con.imp.fu-berlin.de/Saros] : restarting user kurtisblaine@saros-con.imp.fu-berlin.de/Saros
DEBUG 2017-04-10 19:14:16,124 (StartHandle.java:58) Called start on kurtisblaine@saros-con.imp.fu-berlin.de/Saros
DEBUG 2017-04-10 19:14:16,124 (StopManager.java:430) StartHandle (kurtisblaine@saros-con.imp.fu-berlin.de/Saros, 1914072647661771824065452857, not startable) couldn't be removed because it doesn't exist any more.
DEBUG 2017-04-10 19:14:16,736 (EditorManager.java:1697) unlocking all editors
DEBUG 2017-04-10 19:14:16,736 (OutgoingProjectNegotiation.java:288) OPN [remote side: tphecht@saros-con.imp.fu-berlin.de/Saros] : restarting user yli23797@saros-con.imp.fu-berlin.de/Saros
DEBUG 2017-04-10 19:14:16,736 (StartHandle.java:58) Called start on yli23797@saros-con.imp.fu-berlin.de/Saros
DEBUG 2017-04-10 19:14:16,778 (OutgoingProjectNegotiation.java:288) OPN [remote side: tphecht@saros-con.imp.fu-berlin.de/Saros] : restarting user tphecht@saros-con.imp.fu-berlin.de/Saros
DEBUG 2017-04-10 19:14:16,779 (StartHandle.java:58) Called start on tphecht@saros-con.imp.fu-berlin.de/Saros
DEBUG 2017-04-10 19:14:16,781 (OutgoingProjectNegotiation.java:390) OPN [remote side: tphecht@saros-con.imp.fu-berlin.de/Saros] : sending archive
DEBUG 2017-04-10 19:14:19,250 (ActivitySequencer.java:496) send (001) yli23797@saros-con.imp.fu-berlin.de/Saros
DEBUG 2017-04-10 19:14:19,942 (ActivitySequencer.java:496) send (001) tphecht@saros-con.imp.fu-berlin.de/Saros
DEBUG 2017-04-10 19:14:22,070 (ActivitySequencer.java:546) rcvd (001) yli23797@saros-con.imp.fu-berlin.de/Saros
DEBUG 2017-04-10 19:14:29,035 (ActivitySequencer.java:546) rcvd (001) tphecht@saros-con.imp.fu-berlin.de/Saros
WARN  2017-04-10 19:14:36,279 (DataTransferManager.java:415) failed to connect to yli23797@saros-con.imp.fu-berlin.de/Saros using transport: XMPP-Socks5-Transport
java.io.IOException: [SOCKS5Transport] waiting for a response session timed out (30000ms) and could not establish a connection from this side, too:
	at de.fu_berlin.inf.dpp.net.internal.Socks5Transport.establishBinaryChannel(Socks5Transport.java:592)
	at de.fu_berlin.inf.dpp.net.internal.ByteStreamTransport.connect(ByteStreamTransport.java:48)
	at de.fu_berlin.inf.dpp.net.internal.DataTransferManager.connectInternal(DataTransferManager.java:412)
	at de.fu_berlin.inf.dpp.net.internal.DataTransferManager.sendData(DataTransferManager.java:242)
	at de.fu_berlin.inf.dpp.net.internal.XMPPTransmitter.send(XMPPTransmitter.java:88)
	at de.fu_berlin.inf.dpp.net.internal.XMPPTransmitter.send(XMPPTransmitter.java:64)
	at de.fu_berlin.inf.dpp.whiteboard.net.SarosSXETransmitter.sendWithoutDispatch(SarosSXETransmitter.java:137)
	at de.fu_berlin.inf.dpp.whiteboard.net.SarosSXETransmitter.sendAndAwait(SarosSXETransmitter.java:162)
	at de.fu_berlin.inf.dpp.whiteboard.sxe.net.SXEOutgoingSynchronizationProcess.start(SXEOutgoingSynchronizationProcess.java:58)
	at de.fu_berlin.inf.dpp.whiteboard.net.WhiteboardManager$1.postOutgoingInvitationCompleted(WhiteboardManager.java:96)
	at de.fu_berlin.inf.dpp.project.SarosSessionManager.postOutgoingInvitationCompleted(SarosSessionManager.java:667)
	at de.fu_berlin.inf.dpp.negotiation.OutgoingSessionNegotiation.start(OutgoingSessionNegotiation.java:202)
	at de.fu_berlin.inf.dpp.ui.eventhandler.NegotiationHandler$OutgoingInvitationJob.run(NegotiationHandler.java:86)
	at org.eclipse.core.internal.jobs.Worker.run(Worker.java:55)
Caused by: item-not-found(404) Could not establish socket with any provided host
	at org.jivesoftware.smack.util.SyncPacketSend.getReply(SyncPacketSend.java:54)
	at org.jivesoftware.smackx.bytestreams.socks5.Socks5BytestreamManager.establishSession(Socks5BytestreamManager.java:481)
	at org.jivesoftware.smackx.bytestreams.socks5.Socks5BytestreamManager.establishSession(Socks5BytestreamManager.java:83)
	at de.fu_berlin.inf.dpp.net.internal.Socks5Transport.establishBinaryChannel(Socks5Transport.java:512)
	... 13 more
INFO  2017-04-10 19:14:36,281 (DataTransferManager.java:409) establishing connection to yli23797@saros-con.imp.fu-berlin.de/Saros from kurtisblaine@saros-con.imp.fu-berlin.de/Saros using transport XMPP-IBB-Transport
DEBUG 2017-04-10 19:14:36,281 (ByteStreamTransport.java:45) establishing bytestream connection to yli23797@saros-con.imp.fu-berlin.de/Saros
DEBUG 2017-04-10 19:14:41,166 (DataTransferManager.java:136) bytestream connection changed [mode=IBB, id=default] yli23797@saros-con.imp.fu-berlin.de/Saros, inc=false, pool id=default:out:yli23797@saros-con.imp.fu-berlin.de/Saros]
DEBUG 2017-04-10 19:14:41,166 (BinaryChannelConnection.java:103) [mode=IBB, id=default] yli23797@saros-con.imp.fu-berlin.de/Saros ReceiverThread started.
DEBUG 2017-04-10 19:14:58,626 (SXEOutgoingSynchronizationProcess.java:70) SXE(5451) yli23797@saros-con.imp.fu-berlin.de/Saros accepted state-offer
DEBUG 2017-04-10 19:14:58,627 (SXEOutgoingSynchronizationProcess.java:89) SXE(5451) Sending state to yli23797@saros-con.imp.fu-berlin.de/Saros
DEBUG 2017-04-10 19:14:58,627 (SXEOutgoingSynchronizationProcess.java:91) Send message: de.fu_berlin.inf.dpp.whiteboard.sxe.net.SXEMessage@41195d23: from: null, to: yli23797@saros-con.imp.fu-berlin.de/Saros, msgId: 3messageTyp: statemessage: [new type=element rid=149186926935633430 name=svg ns=http://www.w3.org/2000/svg version=0 visible=true, ]
DEBUG 2017-04-10 19:14:58,627 (CancelableProcess.java:353) process OSN [remote side: yli23797@saros-con.imp.fu-berlin.de/Saros] exit status: OK
INFO  2017-04-10 19:14:58,631 (ProjectNegotiationObservable.java:51) This is ProjectNegotiation number 2 in this session. There are 1 process(es) in this session
DEBUG 2017-04-10 19:14:58,663 (OutgoingProjectNegotiation.java:181) OPN [remote side: yli23797@saros-con.imp.fu-berlin.de/Saros] : sending file list
DEBUG 2017-04-10 19:15:08,660 (OutgoingProjectNegotiation.java:214) OPN [remote side: yli23797@saros-con.imp.fu-berlin.de/Saros] : waiting for remote file list
DEBUG 2017-04-10 19:15:19,826 (OutgoingProjectNegotiation.java:232) OPN [remote side: yli23797@saros-con.imp.fu-berlin.de/Saros] : remote file list has been received
DEBUG 2017-04-10 19:15:19,827 (OutgoingProjectNegotiation.java:270) OPN [remote side: yli23797@saros-con.imp.fu-berlin.de/Saros] : stopping users [yli23797@saros-con.imp.fu-berlin.de/Saros, kurtisblaine@saros-con.imp.fu-berlin.de/Saros, tphecht@saros-con.imp.fu-berlin.de/Saros]
DEBUG 2017-04-10 19:15:19,889 (ActivitySequencer.java:496) send (001) yli23797@saros-con.imp.fu-berlin.de/Saros
DEBUG 2017-04-10 19:15:19,891 (EditorManager.java:1697) locking all editors
DEBUG 2017-04-10 19:15:19,892 (StopManager.java:239) added StartHandle (kurtisblaine@saros-con.imp.fu-berlin.de/Saros, 191519828-4593438768021672102, startable) to resulting handles.
DEBUG 2017-04-10 19:15:29,399 (ActivitySequencer.java:496) send (001) tphecht@saros-con.imp.fu-berlin.de/Saros
DEBUG 2017-04-10 19:15:33,139 (ActivitySequencer.java:546) rcvd (001) yli23797@saros-con.imp.fu-berlin.de/Saros
DEBUG 2017-04-10 19:15:33,139 (StopManager.java:390) Acknowledgment arrived yli23797@saros-con.imp.fu-berlin.de/Saros
DEBUG 2017-04-10 19:15:33,140 (StopManager.java:239) added StartHandle (yli23797@saros-con.imp.fu-berlin.de/Saros, 191519828-34493335662596071, startable) to resulting handles.
DEBUG 2017-04-10 19:15:36,721 (ActivitySequencer.java:546) rcvd (001) tphecht@saros-con.imp.fu-berlin.de/Saros
DEBUG 2017-04-10 19:15:36,722 (StopManager.java:390) Acknowledgment arrived tphecht@saros-con.imp.fu-berlin.de/Saros
DEBUG 2017-04-10 19:15:36,722 (StopManager.java:239) added StartHandle (tphecht@saros-con.imp.fu-berlin.de/Saros, 191519829-126639316474114217, startable) to resulting handles.
INFO  2017-04-10 19:15:52,997 (SarosSession.java:462) user yli23797@saros-con.imp.fu-berlin.de/Saros started queuing projects and can receive IResourceActivities
DEBUG 2017-04-10 19:15:53,049 (OutgoingProjectNegotiation.java:353) OPN [remote side: yli23797@saros-con.imp.fu-berlin.de/Saros] : creating archive
DEBUG 2017-04-10 19:15:53,122 (CreateArchiveTask.java:140) created archive /var/folders/nz/357rvfzs2qs79x3gbw1gytq00000gn/T/saros_53882425017040686247986138608754169142.zip I/O: [1.7 MB in < 1 s at 24.8 MB/s]
DEBUG 2017-04-10 19:15:53,122 (OutgoingProjectNegotiation.java:288) OPN [remote side: yli23797@saros-con.imp.fu-berlin.de/Saros] : restarting user kurtisblaine@saros-con.imp.fu-berlin.de/Saros
DEBUG 2017-04-10 19:15:53,122 (StartHandle.java:58) Called start on kurtisblaine@saros-con.imp.fu-berlin.de/Saros
DEBUG 2017-04-10 19:15:53,122 (StopManager.java:430) StartHandle (kurtisblaine@saros-con.imp.fu-berlin.de/Saros, 191519828-4593438768021672102, not startable) couldn't be removed because it doesn't exist any more.
DEBUG 2017-04-10 19:15:53,757 (EditorManager.java:1697) unlocking all editors
DEBUG 2017-04-10 19:15:53,757 (OutgoingProjectNegotiation.java:288) OPN [remote side: yli23797@saros-con.imp.fu-berlin.de/Saros] : restarting user yli23797@saros-con.imp.fu-berlin.de/Saros
DEBUG 2017-04-10 19:15:53,757 (StartHandle.java:58) Called start on yli23797@saros-con.imp.fu-berlin.de/Saros
DEBUG 2017-04-10 19:15:53,821 (OutgoingProjectNegotiation.java:288) OPN [remote side: yli23797@saros-con.imp.fu-berlin.de/Saros] : restarting user tphecht@saros-con.imp.fu-berlin.de/Saros
DEBUG 2017-04-10 19:15:53,821 (ActivitySequencer.java:496) send (001) yli23797@saros-con.imp.fu-berlin.de/Saros
DEBUG 2017-04-10 19:15:53,821 (StartHandle.java:58) Called start on tphecht@saros-con.imp.fu-berlin.de/Saros
DEBUG 2017-04-10 19:15:53,822 (OutgoingProjectNegotiation.java:390) OPN [remote side: yli23797@saros-con.imp.fu-berlin.de/Saros] : sending archive
DEBUG 2017-04-10 19:16:00,577 (ActivitySequencer.java:496) send (001) tphecht@saros-con.imp.fu-berlin.de/Saros
DEBUG 2017-04-10 19:16:06,906 (ActivitySequencer.java:546) rcvd (001) yli23797@saros-con.imp.fu-berlin.de/Saros
DEBUG 2017-04-10 19:16:16,040 (ActivitySequencer.java:546) rcvd (001) tphecht@saros-con.imp.fu-berlin.de/Saros
DEBUG 2017-04-10 19:16:25,770 (CancelProjectSharingHandler.java:71) Invyli23797@saros-con.imp.fu-berlin.de/Saros : Received invitation cancel message
DEBUG 2017-04-10 19:16:25,771 (CancelableProcess.java:189) process OPN [remote side: yli23797@saros-con.imp.fu-berlin.de/Saros] was cancelled by the remote side, error: I/O failure: unknown SMACK Filetransfer API error
ERROR 2017-04-10 19:16:25,821 (CancelableProcess.java:411) cancelled process OPN [remote side: yli23797@saros-con.imp.fu-berlin.de/Saros] because the remote side encountered an error: I/O failure: unknown SMACK Filetransfer API error
DEBUG 2017-04-10 19:16:25,823 (CancelableProcess.java:349) executing cancellation for process OPN [remote side: yli23797@saros-con.imp.fu-berlin.de/Saros]
DEBUG 2017-04-10 19:16:25,824 (CancelableProcess.java:353) process OPN [remote side: yli23797@saros-con.imp.fu-berlin.de/Saros] exit status: CANCEL
DEBUG 2017-04-10 19:16:35,397 (UserInformationHandler.java:152) synchronizing user list (A)[], (R) [yli23797@saros-con.imp.fu-berlin.de/Saros] with user(s) [tphecht@saros-con.imp.fu-berlin.de/Saros]
DEBUG 2017-04-10 19:16:39,408 (BinaryChannelConnection.java:112) [mode=IBB, id=saros-main-session] yli23797@saros-con.imp.fu-berlin.de/Saros connection closed remotely:null
DEBUG 2017-04-10 19:16:42,565 (DataTransferManager.java:336) closed connection [pool id=saros-main-session:in:yli23797@saros-con.imp.fu-berlin.de/Saros]: [mode=IBB, id=saros-main-session] yli23797@saros-con.imp.fu-berlin.de/Saros
DEBUG 2017-04-10 19:16:50,137 (CancelProjectSharingHandler.java:71) Invtphecht@saros-con.imp.fu-berlin.de/Saros : Received invitation cancel message
DEBUG 2017-04-10 19:16:50,137 (CancelableProcess.java:189) process OPN [remote side: tphecht@saros-con.imp.fu-berlin.de/Saros] was cancelled by the remote side, error: none
DEBUG 2017-04-10 19:16:50,333 (CancelableProcess.java:416) process OPN [remote side: tphecht@saros-con.imp.fu-berlin.de/Saros] was cancelled manually by the remote side
DEBUG 2017-04-10 19:16:50,333 (CancelableProcess.java:349) executing cancellation for process OPN [remote side: tphecht@saros-con.imp.fu-berlin.de/Saros]
DEBUG 2017-04-10 19:16:50,334 (CancelableProcess.java:353) process OPN [remote side: tphecht@saros-con.imp.fu-berlin.de/Saros] exit status: CANCEL
WARN  2017-04-10 19:16:52,076 (UserInformationHandler.java:213) failed to synchronize user list with user(s) [tphecht@saros-con.imp.fu-berlin.de/Saros]
ERROR 2017-04-10 19:16:52,082 (SarosSession.java:536) could not synchronize user list properly, following users did not respond: tphecht@saros-con.imp.fu-berlin.de/Saros
DEBUG 2017-04-10 19:16:52,083 (ChangeColorManager.java:290) reassigning color IDs for the current session users
DEBUG 2017-04-10 19:16:52,084 (ChangeColorManager.java:324) color conflict resolve result = NO CONFLICT
DEBUG 2017-04-10 19:16:52,084 (ChangeColorManager.java:383) new color assignment: {kurtisblaine@saros-con.imp.fu-berlin.de/Saros=3, tphecht@saros-con.imp.fu-berlin.de/Saros=2}
DEBUG 2017-04-10 19:16:52,085 (ChangeColorManager.java:634) updating color id set: [kurtisblaine@saros-con.imp.fu-berlin.de, tphecht@saros-con.imp.fu-berlin.de]
INFO  2017-04-10 19:16:52,087 (ParticipantCollector.java:77) yli23797@saros-con.imp.fu-berlin.de/Saros left - session now contains 2 users
DEBUG 2017-04-10 19:16:52,087 (ActivitySequencer.java:496) send (002) tphecht@saros-con.imp.fu-berlin.de/Saros
INFO  2017-04-10 19:16:52,088 (SarosSession.java:555) user yli23797@saros-con.imp.fu-berlin.de/Saros left session
DEBUG 2017-04-10 19:17:11,872 (BaseResourceSelectionComposite.java:174) I got the names from the list: 1
DEBUG 2017-04-10 19:17:12,027 (BaseResourceSelectionComposite.java:150) Remembered checked/grayed items: 0/0 Saved 1 snapshots
DEBUG 2017-04-10 19:18:18,710 (SarosSessionManager.java:330) terminating all running negotiation processes
WARN  2017-04-10 19:18:18,711 (SWTUtils.java:144) could not execute runnable de.fu_berlin.inf.dpp.ui.actions.RemoveUserAction$2$2@353a82e0, UI thread is not available
StackTrace:
	at de.fu_berlin.inf.dpp.ui.util.SWTUtils.runSafeSWTAsync(SWTUtils.java:145)
	at de.fu_berlin.inf.dpp.ui.actions.RemoveUserAction$2.sessionEnding(RemoveUserAction.java:64)
	at de.fu_berlin.inf.dpp.project.SarosSessionManager.sessionEnding(SarosSessionManager.java:701)
	at de.fu_berlin.inf.dpp.project.SarosSessionManager.stopSarosSession(SarosSessionManager.java:335)
	at de.fu_berlin.inf.dpp.Saros$1.run(Saros.java:303)
	at de.fu_berlin.inf.dpp.util.ThreadUtils$1.run(ThreadUtils.java:38)
	at java.lang.Thread.run(Thread.java:745)
DEBUG 2017-04-10 19:18:18,712 (SarosSessionManager.java:337) Leave message sent.
WARN  2017-04-10 19:18:18,936 (SWTSynchronizer.java:55) could not execute runnable de.fu_berlin.inf.dpp.concurrent.watchdog.ConsistencyWatchdogServer$2@555c39d3, UI thread is not available
StackTrace:
	at de.fu_berlin.inf.dpp.synchronize.internal.SWTSynchronizer.exec(SWTSynchronizer.java:56)
	at de.fu_berlin.inf.dpp.synchronize.internal.SWTSynchronizer.asyncExec(SWTSynchronizer.java:20)
	at de.fu_berlin.inf.dpp.concurrent.watchdog.ConsistencyWatchdogServer.stop(ConsistencyWatchdogServer.java:145)
	at sun.reflect.NativeMethodAccessorImpl.invoke0(Native Method)
	at sun.reflect.NativeMethodAccessorImpl.invoke(NativeMethodAccessorImpl.java:62)
	at sun.reflect.DelegatingMethodAccessorImpl.invoke(DelegatingMethodAccessorImpl.java:43)
	at java.lang.reflect.Method.invoke(Method.java:498)
	at org.picocontainer.lifecycle.StartableLifecycleStrategy.doLifecycleMethod(StartableLifecycleStrategy.java:101)
	at org.picocontainer.lifecycle.StartableLifecycleStrategy.stopComponent(StartableLifecycleStrategy.java:113)
	at org.picocontainer.lifecycle.StartableLifecycleStrategy.stop(StartableLifecycleStrategy.java:126)
	at org.picocontainer.injectors.AbstractInjectionFactory$LifecycleAdapter.stop(AbstractInjectionFactory.java:88)
	at org.picocontainer.behaviors.AbstractBehavior.stop(AbstractBehavior.java:179)
	at org.picocontainer.behaviors.Stored$RealComponentLifecycle.stop(Stored.java:141)
	at org.picocontainer.behaviors.Stored.stop(Stored.java:118)
	at org.picocontainer.DefaultPicoContainer.stopAdapters(DefaultPicoContainer.java:1036)
	at org.picocontainer.DefaultPicoContainer.stop(DefaultPicoContainer.java:791)
	at de.fu_berlin.inf.dpp.project.internal.SarosSession.stop(SarosSession.java:639)
	at de.fu_berlin.inf.dpp.project.SarosSessionManager.stopSarosSession(SarosSessionManager.java:340)
	at de.fu_berlin.inf.dpp.Saros$1.run(Saros.java:303)
	at de.fu_berlin.inf.dpp.util.ThreadUtils$1.run(ThreadUtils.java:38)
	at java.lang.Thread.run(Thread.java:745)
DEBUG 2017-04-10 19:18:18,937 (ActivityHandler.java:109) activity dispatcher stopped
INFO  2017-04-10 19:18:18,937 (FeedbackManager.java:104) Session lasted 6 min 2 s
INFO  2017-04-10 19:18:18,938 (FeedbackManager.java:119) Sessions until next survey: 3
DEBUG 2017-04-10 19:18:18,938 (FollowModeCollector.java:177) Processing follow mode changes took 0.0 s
INFO  2017-04-10 19:18:18,939 (ParticipantCollector.java:145) Session ended: Current number of participants: 2
DEBUG 2017-04-10 19:18:18,941 (StatisticManager.java:329) Session statistic:
  auto.followmode.enabled=false
  data_transfer.IBB.average_throughput_kbs=0.5
  data_transfer.IBB.number_of_events=77
  data_transfer.IBB.total_size_kb=13
  data_transfer.IBB.total_time_ms=25889
  feedback.disabled=false
  feedback.survey.interval=5
  followmode.time.percent=0
  followmode.time.total=0.0
  followmode.toggles=0
  gesture.count=0
  java.version=1.8.0_112
  jumped.count=0
  jumped.driver.count=0
  jumped.observer.count=0
  observer.selection.count.witnessed=0
  observer.selection.count=0
  os.name=Mac OS X
  platform.version=3.12.0.v20160606-1342
  random.user.id=2017-04-04_14-03-05_84242874
  role.1.duration=6.04
  role.1=write_access
  role.changes=0
  role.driver.duration=6.04
  role.driver.percent=100
  role.observer.duration=0.0
  role.observer.percent=0
  saros.version=14.10.31
  session.count=7
  session.id=1962994124
  session.local.start=2017-04-11T00:18:18Z
  session.shared.project.complete.count=1
  session.shared.project.partial.count=0
  session.shared.project.partial.files.count=0
  session.time.users.1.percent=13
  session.time.users.1=0.78
  session.time.users.2.percent=26
  session.time.users.2=1.56
  session.time.users.3.percent=61
  session.time.users.3=3.7
  session.time=6.04
  session.users.total=3
  textedits.chars=0
  textedits.count=0
  textedits.nonparallel.chars=0
  textedits.nonparallel.percent=0
  textedits.pastes.chars=0
  textedits.pastes=0
  user.is.host=true
INFO  2017-04-10 19:18:18,942 (StatisticManager.java:243) User does not allow to submit session statistics
WARN  2017-04-10 19:18:18,942 (SWTUtils.java:193) could not execute runnable de.fu_berlin.inf.dpp.editor.EditorManager$3$1@7ad9ebbe, UI thread is not available
StackTrace:
	at de.fu_berlin.inf.dpp.ui.util.SWTUtils.runSafeSWTSync(SWTUtils.java:194)
	at de.fu_berlin.inf.dpp.editor.EditorManager$3.execute(EditorManager.java:262)
	at de.fu_berlin.inf.dpp.editor.EditorManager$3.unblock(EditorManager.java:253)
	at de.fu_berlin.inf.dpp.synchronize.StopManager.lockSession(StopManager.java:408)
	at de.fu_berlin.inf.dpp.synchronize.StopManager.stop(StopManager.java:579)
	at sun.reflect.GeneratedMethodAccessor52.invoke(Unknown Source)
	at sun.reflect.DelegatingMethodAccessorImpl.invoke(DelegatingMethodAccessorImpl.java:43)
	at java.lang.reflect.Method.invoke(Method.java:498)
	at org.picocontainer.lifecycle.StartableLifecycleStrategy.doLifecycleMethod(StartableLifecycleStrategy.java:101)
	at org.picocontainer.lifecycle.StartableLifecycleStrategy.stopComponent(StartableLifecycleStrategy.java:113)
	at org.picocontainer.lifecycle.StartableLifecycleStrategy.stop(StartableLifecycleStrategy.java:126)
	at org.picocontainer.injectors.AbstractInjectionFactory$LifecycleAdapter.stop(AbstractInjectionFactory.java:88)
	at org.picocontainer.behaviors.AbstractBehavior.stop(AbstractBehavior.java:179)
	at org.picocontainer.behaviors.Stored$RealComponentLifecycle.stop(Stored.java:141)
	at org.picocontainer.behaviors.Stored.stop(Stored.java:118)
	at org.picocontainer.DefaultPicoContainer.stopAdapters(DefaultPicoContainer.java:1036)
	at org.picocontainer.DefaultPicoContainer.stop(DefaultPicoContainer.java:791)
	at de.fu_berlin.inf.dpp.project.internal.SarosSession.stop(SarosSession.java:639)
	at de.fu_berlin.inf.dpp.project.SarosSessionManager.stopSarosSession(SarosSessionManager.java:340)
	at de.fu_berlin.inf.dpp.Saros$1.run(Saros.java:303)
	at de.fu_berlin.inf.dpp.util.ThreadUtils$1.run(ThreadUtils.java:38)
	at java.lang.Thread.run(Thread.java:745)
DEBUG 2017-04-10 19:18:20,291 (BinaryChannelConnection.java:112) [mode=IBB, id=saros-main-session] tphecht@saros-con.imp.fu-berlin.de/Saros connection closed remotely:null
DEBUG 2017-04-10 19:18:20,292 (DataTransferManager.java:336) closed connection [pool id=saros-main-session:in:tphecht@saros-con.imp.fu-berlin.de/Saros]: [mode=IBB, id=saros-main-session] tphecht@saros-con.imp.fu-berlin.de/Saros
DEBUG 2017-04-10 19:18:20,292 (XStreamExtensionProvider.java:169) Unregistering (resetting) converter of class de.fu_berlin.inf.dpp.misc.xstream.SPathConverter
DEBUG 2017-04-10 19:18:20,292 (XStreamExtensionProvider.java:216) Unregistering (resetting) converter of class de.fu_berlin.inf.dpp.misc.xstream.UserConverter
WARN  2017-04-10 19:18:20,293 (SWTUtils.java:193) could not execute runnable de.fu_berlin.inf.dpp.editor.EditorManager$5$2@38193208, UI thread is not available
StackTrace:
	at de.fu_berlin.inf.dpp.ui.util.SWTUtils.runSafeSWTSync(SWTUtils.java:194)
	at de.fu_berlin.inf.dpp.editor.EditorManager$5.sessionEnded(EditorManager.java:358)
	at de.fu_berlin.inf.dpp.project.SarosSessionManager.sessionEnded(SarosSessionManager.java:711)
	at de.fu_berlin.inf.dpp.project.SarosSessionManager.stopSarosSession(SarosSessionManager.java:347)
	at de.fu_berlin.inf.dpp.Saros$1.run(Saros.java:303)
	at de.fu_berlin.inf.dpp.util.ThreadUtils$1.run(ThreadUtils.java:38)
	at java.lang.Thread.run(Thread.java:745)
WARN  2017-04-10 19:18:20,294 (SWTUtils.java:144) could not execute runnable de.fu_berlin.inf.dpp.ui.views.SarosView$11@68e0912e, UI thread is not available
StackTrace:
	at de.fu_berlin.inf.dpp.ui.util.SWTUtils.runSafeSWTAsync(SWTUtils.java:145)
	at de.fu_berlin.inf.dpp.ui.views.SarosView.clearNotifications(SarosView.java:695)
	at de.fu_berlin.inf.dpp.ui.eventhandler.HostLeftAloneInSessionHandler$1.sessionEnded(HostLeftAloneInSessionHandler.java:46)
	at de.fu_berlin.inf.dpp.project.SarosSessionManager.sessionEnded(SarosSessionManager.java:711)
	at de.fu_berlin.inf.dpp.project.SarosSessionManager.stopSarosSession(SarosSessionManager.java:347)
	at de.fu_berlin.inf.dpp.Saros$1.run(Saros.java:303)
	at de.fu_berlin.inf.dpp.util.ThreadUtils$1.run(ThreadUtils.java:38)
	at java.lang.Thread.run(Thread.java:745)
DEBUG 2017-04-10 19:18:20,295 (DocumentRecord.java:93) Added Node: attr(149186990029575383) name=svg
INFO  2017-04-10 19:18:20,295 (SarosSessionManager.java:351) session stopped
DEBUG 2017-04-10 19:18:20,296 (XMPPConnectionService.java:398) kurtisblaine@saros-con.imp.fu-berlin.de/Saros new connection state == DISCONNECTING
DEBUG 2017-04-10 19:18:21,077 (BinaryChannelConnection.java:112) [mode=IBB, id=default] tphecht@saros-con.imp.fu-berlin.de/Saros connection closed remotely:null
DEBUG 2017-04-10 19:18:21,077 (ConnectionPool.java:52) closed connection [id=default:out:tphecht@saros-con.imp.fu-berlin.de/Saros]: [mode=IBB, id=default] tphecht@saros-con.imp.fu-berlin.de/Saros
DEBUG 2017-04-10 19:18:22,081 (BinaryChannelConnection.java:112) [mode=IBB, id=default] yli23797@saros-con.imp.fu-berlin.de/Saros connection closed remotely:null
DEBUG 2017-04-10 19:18:22,081 (ConnectionPool.java:52) closed connection [id=default:out:yli23797@saros-con.imp.fu-berlin.de/Saros]: [mode=IBB, id=default] yli23797@saros-con.imp.fu-berlin.de/Saros
DEBUG 2017-04-10 19:18:22,235 (XMPPConnectionService.java:398)  new connection state == NOT_CONNECTED
DEBUG 2017-04-10 19:18:22,236 (UPnPServiceImpl.java:295) deleting existing port mappings
