INFO  2017-04-10 20:34:57,996 (Saros.java:220) Starting Saros 14.10.31 running:
  Java Version: 1.8.0_112
  Java Vendor: Oracle Corporation
  Eclipse Runtime Version: 3.12.0.v20160606-1342
  Operating System: Mac OS X (10.12.3)
  Hardware Architecture: x86_64
INFO  2017-04-10 20:34:58,044 (SarosContext.java:153) creating Saros runtime context...
DEBUG 2017-04-10 20:34:58,096 (XMPPAccountStore.java:117) loading accounts from file: /Users/Kurtis/.saros/config.dat
DEBUG 2017-04-10 20:34:58,271 (XMPPAccountStore.java:176) loaded 1 account(s)
INFO  2017-04-10 20:34:58,460 (SarosContext.java:199) successfully created Saros runtime context
DEBUG 2017-04-10 20:34:58,482 (DataTransferManager.java:467) used transport order for the current XMPP connection: [XMPP-Socks5-Transport, XMPP-IBB-Transport]
INFO  2017-04-10 20:34:58,507 (PreferenceInitializer.java:50) initializing preference default values
DEBUG 2017-04-10 20:34:58,554 (SarosAnnotation.java:117) resetting annotation colors
DEBUG 2017-04-10 20:34:58,561 (Saros.java:430) skipping conversion of old XMPP accounts, because there are already new ones
DEBUG 2017-04-10 20:35:02,437 (SharedDocumentProvider.java:77) SharedDocumentProvider created by Eclipse
DEBUG 2017-04-10 20:35:18,200 (WhiteboardManager.java:194) WhiteboardManager instantiated
DEBUG 2017-04-10 20:35:18,410 (DocumentRecord.java:93) Added Node: attr(149187451839644645) name=svg
DEBUG 2017-04-10 20:35:18,494 (XMPPConnectionService.java:439) started Socks5 proxy on port: 7777 [listening on all interfaces]
DEBUG 2017-04-10 20:35:18,497 (XMPPConnectionService.java:459) using autodetected addresses: [192.168.0.14, fe80:0:0:0:c9d5:2d77:c9db:5d8f%utun1, fdea:e86a:2f6e:c33d:48c3:b8cf:f9db:419b, fe80:0:0:0:48c3:b8cf:f9db:419b%utun0, fe80:0:0:0:64e5:97ff:fe7e:79e0%awdl0, 2001:48f8:2c:1372:0:0:0:5, 2001:48f8:2c:1372:2051:eabb:de67:31b4, 2001:48f8:2c:1372:8b1:cf3d:ea40:598a, fe80:0:0:0:144e:c2d1:1401:b49d%en0]
DEBUG 2017-04-10 20:35:18,509 (XMPPConnectionService.java:398)  new connection state == CONNECTING
DEBUG 2017-04-10 20:35:22,301 (XMPPConnectionService.java:398) kurtisblaine@saros-con.imp.fu-berlin.de/Saros new connection state == CONNECTED
DEBUG 2017-04-10 20:35:22,301 (DataTransferManager.java:467) used transport order for the current XMPP connection: [XMPP-Socks5-Transport, XMPP-IBB-Transport]
DEBUG 2017-04-10 20:35:22,304 (SkypeManager.java:289) Refreshing Skype username cache...
DEBUG 2017-04-10 20:35:24,927 (DiscoveryManager.java:382) Inserted DiscoveryInfo into Cache for: tphecht@saros-con.imp.fu-berlin.de/Saros
WARN  2017-04-10 20:35:28,838 (StunServiceImpl.java:420) received no response from STUN server stunserver.org/69.172.201.153:3478 at local address /192.168.0.14:0
DEBUG 2017-04-10 21:45:28,930 (XMPPConnectionService.java:398) kurtisblaine@saros-con.imp.fu-berlin.de/Saros new connection state == DISCONNECTING
WARN  2017-04-10 21:45:28,937 (SWTUtils.java:144) could not execute runnable de.fu_berlin.inf.dpp.ui.widgets.chat.ChatControl$5$4@640bd448, UI thread is not available
StackTrace:
	at de.fu_berlin.inf.dpp.ui.util.SWTUtils.runSafeSWTAsync(SWTUtils.java:145)
	at de.fu_berlin.inf.dpp.ui.widgets.chat.ChatControl$5.disconnected(ChatControl.java:301)
	at de.fu_berlin.inf.dpp.communication.chat.AbstractChat.notifyJIDDisconnected(AbstractChat.java:72)
	at de.fu_berlin.inf.dpp.communication.chat.single.SingleUserChat.setConnected(SingleUserChat.java:125)
	at de.fu_berlin.inf.dpp.communication.chat.single.SingleUserChatService$1.connectionStateChanged(SingleUserChatService.java:60)
	at de.fu_berlin.inf.dpp.net.xmpp.XMPPConnectionService.setConnectionState(XMPPConnectionService.java:405)
	at de.fu_berlin.inf.dpp.net.xmpp.XMPPConnectionService.disconnect(XMPPConnectionService.java:304)
	at de.fu_berlin.inf.dpp.communication.connection.ConnectionHandler.disconnectXMPPInternal(ConnectionHandler.java:225)
	at de.fu_berlin.inf.dpp.communication.connection.ConnectionHandler.disconnect(ConnectionHandler.java:211)
	at de.fu_berlin.inf.dpp.Saros$1.run(Saros.java:304)
	at de.fu_berlin.inf.dpp.util.ThreadUtils$1.run(ThreadUtils.java:38)
	at java.lang.Thread.run(Thread.java:745)
WARN  2017-04-10 21:45:28,944 (SWTUtils.java:144) could not execute runnable de.fu_berlin.inf.dpp.ui.widgets.chat.ChatControl$5$4@5870a4fd, UI thread is not available
StackTrace:
	at de.fu_berlin.inf.dpp.ui.util.SWTUtils.runSafeSWTAsync(SWTUtils.java:145)
	at de.fu_berlin.inf.dpp.ui.widgets.chat.ChatControl$5.disconnected(ChatControl.java:301)
	at de.fu_berlin.inf.dpp.communication.chat.AbstractChat.notifyJIDDisconnected(AbstractChat.java:72)
	at de.fu_berlin.inf.dpp.communication.chat.single.SingleUserChat.setConnected(SingleUserChat.java:126)
	at de.fu_berlin.inf.dpp.communication.chat.single.SingleUserChatService$1.connectionStateChanged(SingleUserChatService.java:60)
	at de.fu_berlin.inf.dpp.net.xmpp.XMPPConnectionService.setConnectionState(XMPPConnectionService.java:405)
	at de.fu_berlin.inf.dpp.net.xmpp.XMPPConnectionService.disconnect(XMPPConnectionService.java:304)
	at de.fu_berlin.inf.dpp.communication.connection.ConnectionHandler.disconnectXMPPInternal(ConnectionHandler.java:225)
	at de.fu_berlin.inf.dpp.communication.connection.ConnectionHandler.disconnect(ConnectionHandler.java:211)
	at de.fu_berlin.inf.dpp.Saros$1.run(Saros.java:304)
	at de.fu_berlin.inf.dpp.util.ThreadUtils$1.run(ThreadUtils.java:38)
	at java.lang.Thread.run(Thread.java:745)
WARN  2017-04-10 21:45:28,945 (SWTUtils.java:144) could not execute runnable de.fu_berlin.inf.dpp.ui.widgets.chat.ChatControl$5$4@6ad382, UI thread is not available
StackTrace:
	at de.fu_berlin.inf.dpp.ui.util.SWTUtils.runSafeSWTAsync(SWTUtils.java:145)
	at de.fu_berlin.inf.dpp.ui.widgets.chat.ChatControl$5.disconnected(ChatControl.java:301)
	at de.fu_berlin.inf.dpp.communication.chat.AbstractChat.notifyJIDDisconnected(AbstractChat.java:72)
	at de.fu_berlin.inf.dpp.communication.chat.single.SingleUserChat.setConnected(SingleUserChat.java:125)
	at de.fu_berlin.inf.dpp.communication.chat.single.SingleUserChatService$1.connectionStateChanged(SingleUserChatService.java:60)
	at de.fu_berlin.inf.dpp.net.xmpp.XMPPConnectionService.setConnectionState(XMPPConnectionService.java:405)
	at de.fu_berlin.inf.dpp.net.xmpp.XMPPConnectionService.disconnect(XMPPConnectionService.java:304)
	at de.fu_berlin.inf.dpp.communication.connection.ConnectionHandler.disconnectXMPPInternal(ConnectionHandler.java:225)
	at de.fu_berlin.inf.dpp.communication.connection.ConnectionHandler.disconnect(ConnectionHandler.java:211)
	at de.fu_berlin.inf.dpp.Saros$1.run(Saros.java:304)
	at de.fu_berlin.inf.dpp.util.ThreadUtils$1.run(ThreadUtils.java:38)
	at java.lang.Thread.run(Thread.java:745)
WARN  2017-04-10 21:45:28,946 (SWTUtils.java:144) could not execute runnable de.fu_berlin.inf.dpp.ui.widgets.chat.ChatControl$5$4@158195c4, UI thread is not available
StackTrace:
	at de.fu_berlin.inf.dpp.ui.util.SWTUtils.runSafeSWTAsync(SWTUtils.java:145)
	at de.fu_berlin.inf.dpp.ui.widgets.chat.ChatControl$5.disconnected(ChatControl.java:301)
	at de.fu_berlin.inf.dpp.communication.chat.AbstractChat.notifyJIDDisconnected(AbstractChat.java:72)
	at de.fu_berlin.inf.dpp.communication.chat.single.SingleUserChat.setConnected(SingleUserChat.java:126)
	at de.fu_berlin.inf.dpp.communication.chat.single.SingleUserChatService$1.connectionStateChanged(SingleUserChatService.java:60)
	at de.fu_berlin.inf.dpp.net.xmpp.XMPPConnectionService.setConnectionState(XMPPConnectionService.java:405)
	at de.fu_berlin.inf.dpp.net.xmpp.XMPPConnectionService.disconnect(XMPPConnectionService.java:304)
	at de.fu_berlin.inf.dpp.communication.connection.ConnectionHandler.disconnectXMPPInternal(ConnectionHandler.java:225)
	at de.fu_berlin.inf.dpp.communication.connection.ConnectionHandler.disconnect(ConnectionHandler.java:211)
	at de.fu_berlin.inf.dpp.Saros$1.run(Saros.java:304)
	at de.fu_berlin.inf.dpp.util.ThreadUtils$1.run(ThreadUtils.java:38)
	at java.lang.Thread.run(Thread.java:745)
DEBUG 2017-04-10 21:45:29,109 (XMPPConnectionService.java:398)  new connection state == NOT_CONNECTED
DEBUG 2017-04-10 21:45:29,111 (UPnPServiceImpl.java:295) deleting existing port mappings
